2023-06-21 11:52:45,346 [Worker-0: Loading available Gradle versions] INFO  o.e.b.c.i.u.g.PublishedGradleVersions - Gradle version information cache is up-to-date. Trying to read.
2023-06-21 12:02:45,463 [Worker-2: Creating project "CodingChallenge"] INFO  o.e.m.c.i.l.LifecycleMappingFactory - Using org.eclipse.m2e.jdt.JarLifecycleMapping lifecycle mapping for MavenProject: com.fdmgroup:CodingChallenge:0.0.1-SNAPSHOT @ D:\Users\Filip\Desktop\Coding-Task\CodingChallenge\pom.xml.
2023-06-21 12:02:46,701 [Worker-2: Creating project "CodingChallenge"] INFO  o.e.m.j.i.AbstractJavaProjectConfigurator - Adding source folder /CodingChallenge/src/main/java
2023-06-21 12:02:46,703 [Worker-2: Creating project "CodingChallenge"] INFO  o.e.m.j.i.AbstractJavaProjectConfigurator - Adding resource folder /CodingChallenge/src/main/resources
2023-06-21 12:02:46,704 [Worker-2: Creating project "CodingChallenge"] INFO  o.e.m.j.i.AbstractJavaProjectConfigurator - Adding source folder /CodingChallenge/src/test/java
2023-06-21 12:02:46,704 [Worker-2: Creating project "CodingChallenge"] INFO  o.e.m.j.i.AbstractJavaProjectConfigurator - Adding resource folder /CodingChallenge/src/test/resources
2023-06-21 12:02:47,989 [Worker-7: Building] WARN  o.e.m.c.i.embedder.EclipseLogger - Using platform encoding (UTF-8 actually) to copy filtered resources, i.e. build is platform dependent!
2023-06-21 12:02:48,032 [Worker-7: Building] INFO  o.e.m.c.i.embedder.EclipseLogger - Copying 0 resource
2023-06-21 12:02:48,036 [Worker-7: Building] WARN  o.e.m.c.i.embedder.EclipseLogger - Using platform encoding (UTF-8 actually) to copy filtered resources, i.e. build is platform dependent!
2023-06-21 12:02:48,046 [Worker-7: Building] INFO  o.e.m.c.i.embedder.EclipseLogger - Copying 0 resource
2023-06-21 12:04:46,457 [Worker-14: Building] WARN  o.e.m.c.i.embedder.EclipseLogger - Using platform encoding (UTF-8 actually) to copy filtered resources, i.e. build is platform dependent!
2023-06-21 12:04:46,494 [Worker-14: Building] INFO  o.e.m.c.i.embedder.EclipseLogger - Copying 0 resource
2023-06-21 12:04:46,498 [Worker-14: Building] WARN  o.e.m.c.i.embedder.EclipseLogger - Using platform encoding (UTF-8 actually) to copy filtered resources, i.e. build is platform dependent!
2023-06-21 12:04:46,500 [Worker-14: Building] INFO  o.e.m.c.i.embedder.EclipseLogger - Copying 0 resource
2023-06-21 13:44:56,506 [Worker-2: Building] WARN  o.e.m.c.i.embedder.EclipseLogger - Using platform encoding (UTF-8 actually) to copy filtered resources, i.e. build is platform dependent!
2023-06-21 13:44:56,580 [Worker-2: Building] INFO  o.e.m.c.i.embedder.EclipseLogger - Copying 0 resource
2023-06-21 13:44:56,583 [Worker-2: Building] WARN  o.e.m.c.i.embedder.EclipseLogger - Using platform encoding (UTF-8 actually) to copy filtered resources, i.e. build is platform dependent!
2023-06-21 13:44:56,595 [Worker-2: Building] INFO  o.e.m.c.i.embedder.EclipseLogger - Copying 0 resource
2023-06-21 13:49:55,195 [Worker-17: Building] WARN  o.e.m.c.i.embedder.EclipseLogger - Using platform encoding (UTF-8 actually) to copy filtered resources, i.e. build is platform dependent!
2023-06-21 13:49:55,199 [Worker-17: Building] INFO  o.e.m.c.i.embedder.EclipseLogger - Copying 0 resource
2023-06-21 13:49:55,201 [Worker-17: Building] WARN  o.e.m.c.i.embedder.EclipseLogger - Using platform encoding (UTF-8 actually) to copy filtered resources, i.e. build is platform dependent!
2023-06-21 13:49:55,204 [Worker-17: Building] INFO  o.e.m.c.i.embedder.EclipseLogger - Copying 0 resource
2023-06-21 14:20:12,579 [Worker-27: Launching Runner] WARN  o.e.m.c.i.embedder.EclipseLogger - Using platform encoding (UTF-8 actually) to copy filtered resources, i.e. build is platform dependent!
2023-06-21 14:20:12,581 [Worker-27: Launching Runner] INFO  o.e.m.c.i.embedder.EclipseLogger - Copying 0 resource
2023-06-21 14:20:12,584 [Worker-27: Launching Runner] WARN  o.e.m.c.i.embedder.EclipseLogger - Using platform encoding (UTF-8 actually) to copy filtered resources, i.e. build is platform dependent!
2023-06-21 14:20:12,586 [Worker-27: Launching Runner] INFO  o.e.m.c.i.embedder.EclipseLogger - Copying 0 resource
2023-06-21 14:22:20,723 [Worker-27: Launching Runner] WARN  o.e.m.c.i.embedder.EclipseLogger - Using platform encoding (UTF-8 actually) to copy filtered resources, i.e. build is platform dependent!
2023-06-21 14:22:20,739 [Worker-27: Launching Runner] INFO  o.e.m.c.i.embedder.EclipseLogger - Copying 0 resource
2023-06-21 14:22:20,741 [Worker-27: Launching Runner] WARN  o.e.m.c.i.embedder.EclipseLogger - Using platform encoding (UTF-8 actually) to copy filtered resources, i.e. build is platform dependent!
2023-06-21 14:22:20,746 [Worker-27: Launching Runner] INFO  o.e.m.c.i.embedder.EclipseLogger - Copying 0 resource
2023-06-21 14:23:33,675 [Worker-32: Building] WARN  o.e.m.c.i.embedder.EclipseLogger - Using platform encoding (UTF-8 actually) to copy filtered resources, i.e. build is platform dependent!
2023-06-21 14:23:33,677 [Worker-32: Building] INFO  o.e.m.c.i.embedder.EclipseLogger - Copying 0 resource
2023-06-21 14:23:33,680 [Worker-32: Building] WARN  o.e.m.c.i.embedder.EclipseLogger - Using platform encoding (UTF-8 actually) to copy filtered resources, i.e. build is platform dependent!
2023-06-21 14:23:33,683 [Worker-32: Building] INFO  o.e.m.c.i.embedder.EclipseLogger - Copying 0 resource
2023-06-21 17:06:19,231 [Worker-1: Loading available Gradle versions] INFO  o.e.b.c.i.u.g.PublishedGradleVersions - Gradle version information cache is out-of-date. Trying to update.
2023-06-22 08:01:21,661 [Worker-2: Loading available Gradle versions] INFO  o.e.b.c.i.u.g.PublishedGradleVersions - Gradle version information cache is up-to-date. Trying to read.
2023-06-22 08:40:25,396 [Worker-16: Launching Runner] WARN  o.e.m.c.i.embedder.EclipseLogger - Using platform encoding (UTF-8 actually) to copy filtered resources, i.e. build is platform dependent!
2023-06-22 08:40:25,402 [Worker-16: Launching Runner] INFO  o.e.m.c.i.embedder.EclipseLogger - Copying 0 resource
2023-06-22 08:40:25,406 [Worker-16: Launching Runner] WARN  o.e.m.c.i.embedder.EclipseLogger - Using platform encoding (UTF-8 actually) to copy filtered resources, i.e. build is platform dependent!
2023-06-22 08:40:25,408 [Worker-16: Launching Runner] INFO  o.e.m.c.i.embedder.EclipseLogger - Copying 0 resource
2023-06-22 08:40:59,683 [Worker-17: Launching Runner] WARN  o.e.m.c.i.embedder.EclipseLogger - Using platform encoding (UTF-8 actually) to copy filtered resources, i.e. build is platform dependent!
2023-06-22 08:40:59,688 [Worker-17: Launching Runner] INFO  o.e.m.c.i.embedder.EclipseLogger - Copying 0 resource
2023-06-22 08:40:59,690 [Worker-17: Launching Runner] WARN  o.e.m.c.i.embedder.EclipseLogger - Using platform encoding (UTF-8 actually) to copy filtered resources, i.e. build is platform dependent!
2023-06-22 08:40:59,693 [Worker-17: Launching Runner] INFO  o.e.m.c.i.embedder.EclipseLogger - Copying 0 resource
2023-06-22 08:45:39,427 [Worker-6: Launching Runner] WARN  o.e.m.c.i.embedder.EclipseLogger - Using platform encoding (UTF-8 actually) to copy filtered resources, i.e. build is platform dependent!
2023-06-22 08:45:39,452 [Worker-6: Launching Runner] INFO  o.e.m.c.i.embedder.EclipseLogger - Copying 0 resource
2023-06-22 08:45:39,454 [Worker-6: Launching Runner] WARN  o.e.m.c.i.embedder.EclipseLogger - Using platform encoding (UTF-8 actually) to copy filtered resources, i.e. build is platform dependent!
2023-06-22 08:45:39,457 [Worker-6: Launching Runner] INFO  o.e.m.c.i.embedder.EclipseLogger - Copying 0 resource
2023-06-22 08:45:56,077 [Worker-20: Launching Runner] WARN  o.e.m.c.i.embedder.EclipseLogger - Using platform encoding (UTF-8 actually) to copy filtered resources, i.e. build is platform dependent!
2023-06-22 08:45:56,082 [Worker-20: Launching Runner] INFO  o.e.m.c.i.embedder.EclipseLogger - Copying 0 resource
2023-06-22 08:45:56,084 [Worker-20: Launching Runner] WARN  o.e.m.c.i.embedder.EclipseLogger - Using platform encoding (UTF-8 actually) to copy filtered resources, i.e. build is platform dependent!
2023-06-22 08:45:56,087 [Worker-20: Launching Runner] INFO  o.e.m.c.i.embedder.EclipseLogger - Copying 0 resource
2023-06-22 08:52:13,360 [Worker-25: Building] WARN  o.e.m.c.i.embedder.EclipseLogger - Using platform encoding (UTF-8 actually) to copy filtered resources, i.e. build is platform dependent!
2023-06-22 08:52:13,372 [Worker-25: Building] INFO  o.e.m.c.i.embedder.EclipseLogger - Copying 0 resource
2023-06-22 08:52:13,375 [Worker-25: Building] WARN  o.e.m.c.i.embedder.EclipseLogger - Using platform encoding (UTF-8 actually) to copy filtered resources, i.e. build is platform dependent!
2023-06-22 08:52:13,385 [Worker-25: Building] INFO  o.e.m.c.i.embedder.EclipseLogger - Copying 0 resource
2023-06-22 08:53:27,467 [Worker-21: Building] WARN  o.e.m.c.i.embedder.EclipseLogger - Using platform encoding (UTF-8 actually) to copy filtered resources, i.e. build is platform dependent!
2023-06-22 08:53:27,469 [Worker-21: Building] INFO  o.e.m.c.i.embedder.EclipseLogger - Copying 0 resource
2023-06-22 08:53:27,471 [Worker-21: Building] WARN  o.e.m.c.i.embedder.EclipseLogger - Using platform encoding (UTF-8 actually) to copy filtered resources, i.e. build is platform dependent!
2023-06-22 08:53:27,473 [Worker-21: Building] INFO  o.e.m.c.i.embedder.EclipseLogger - Copying 0 resource
2023-06-22 08:53:54,517 [Worker-24: Building] WARN  o.e.m.c.i.embedder.EclipseLogger - Using platform encoding (UTF-8 actually) to copy filtered resources, i.e. build is platform dependent!
2023-06-22 08:53:54,519 [Worker-24: Building] INFO  o.e.m.c.i.embedder.EclipseLogger - Copying 0 resource
2023-06-22 08:53:54,522 [Worker-24: Building] WARN  o.e.m.c.i.embedder.EclipseLogger - Using platform encoding (UTF-8 actually) to copy filtered resources, i.e. build is platform dependent!
2023-06-22 08:53:54,526 [Worker-24: Building] INFO  o.e.m.c.i.embedder.EclipseLogger - Copying 0 resource
2023-06-22 08:54:03,726 [Worker-26: Launching Runner] WARN  o.e.m.c.i.embedder.EclipseLogger - Using platform encoding (UTF-8 actually) to copy filtered resources, i.e. build is platform dependent!
2023-06-22 08:54:03,728 [Worker-26: Launching Runner] INFO  o.e.m.c.i.embedder.EclipseLogger - Copying 0 resource
2023-06-22 08:54:03,730 [Worker-26: Launching Runner] WARN  o.e.m.c.i.embedder.EclipseLogger - Using platform encoding (UTF-8 actually) to copy filtered resources, i.e. build is platform dependent!
2023-06-22 08:54:03,732 [Worker-26: Launching Runner] INFO  o.e.m.c.i.embedder.EclipseLogger - Copying 0 resource
2023-06-22 08:54:09,927 [Worker-24: Launching Runner] WARN  o.e.m.c.i.embedder.EclipseLogger - Using platform encoding (UTF-8 actually) to copy filtered resources, i.e. build is platform dependent!
2023-06-22 08:54:09,933 [Worker-24: Launching Runner] INFO  o.e.m.c.i.embedder.EclipseLogger - Copying 0 resource
2023-06-22 08:54:09,936 [Worker-24: Launching Runner] WARN  o.e.m.c.i.embedder.EclipseLogger - Using platform encoding (UTF-8 actually) to copy filtered resources, i.e. build is platform dependent!
2023-06-22 08:54:09,938 [Worker-24: Launching Runner] INFO  o.e.m.c.i.embedder.EclipseLogger - Copying 0 resource
2023-06-22 08:56:40,152 [Worker-21: Building] WARN  o.e.m.c.i.embedder.EclipseLogger - Using platform encoding (UTF-8 actually) to copy filtered resources, i.e. build is platform dependent!
2023-06-22 08:56:40,155 [Worker-21: Building] INFO  o.e.m.c.i.embedder.EclipseLogger - Copying 0 resource
2023-06-22 08:56:40,157 [Worker-21: Building] WARN  o.e.m.c.i.embedder.EclipseLogger - Using platform encoding (UTF-8 actually) to copy filtered resources, i.e. build is platform dependent!
2023-06-22 08:56:40,158 [Worker-21: Building] INFO  o.e.m.c.i.embedder.EclipseLogger - Copying 0 resource
2023-06-22 09:47:44,756 [Worker-30: Building] WARN  o.e.m.c.i.embedder.EclipseLogger - Using platform encoding (UTF-8 actually) to copy filtered resources, i.e. build is platform dependent!
2023-06-22 09:47:44,765 [Worker-30: Building] INFO  o.e.m.c.i.embedder.EclipseLogger - Copying 0 resource
2023-06-22 09:47:44,767 [Worker-30: Building] WARN  o.e.m.c.i.embedder.EclipseLogger - Using platform encoding (UTF-8 actually) to copy filtered resources, i.e. build is platform dependent!
2023-06-22 09:47:44,795 [Worker-30: Building] INFO  o.e.m.c.i.embedder.EclipseLogger - Copying 0 resource
2023-06-22 09:54:21,595 [Worker-34: Building] WARN  o.e.m.c.i.embedder.EclipseLogger - Using platform encoding (UTF-8 actually) to copy filtered resources, i.e. build is platform dependent!
2023-06-22 09:54:21,598 [Worker-34: Building] INFO  o.e.m.c.i.embedder.EclipseLogger - Copying 0 resource
2023-06-22 09:54:21,600 [Worker-34: Building] WARN  o.e.m.c.i.embedder.EclipseLogger - Using platform encoding (UTF-8 actually) to copy filtered resources, i.e. build is platform dependent!
2023-06-22 09:54:21,602 [Worker-34: Building] INFO  o.e.m.c.i.embedder.EclipseLogger - Copying 0 resource
2023-06-22 09:57:44,153 [Worker-36: Building] WARN  o.e.m.c.i.embedder.EclipseLogger - Using platform encoding (UTF-8 actually) to copy filtered resources, i.e. build is platform dependent!
2023-06-22 09:57:44,156 [Worker-36: Building] INFO  o.e.m.c.i.embedder.EclipseLogger - Copying 0 resource
2023-06-22 09:57:44,158 [Worker-36: Building] WARN  o.e.m.c.i.embedder.EclipseLogger - Using platform encoding (UTF-8 actually) to copy filtered resources, i.e. build is platform dependent!
2023-06-22 09:57:44,160 [Worker-36: Building] INFO  o.e.m.c.i.embedder.EclipseLogger - Copying 0 resource
2023-06-22 10:00:30,628 [Worker-36: Launching Runner] WARN  o.e.m.c.i.embedder.EclipseLogger - Using platform encoding (UTF-8 actually) to copy filtered resources, i.e. build is platform dependent!
2023-06-22 10:00:30,644 [Worker-36: Launching Runner] INFO  o.e.m.c.i.embedder.EclipseLogger - Copying 0 resource
2023-06-22 10:00:30,647 [Worker-36: Launching Runner] WARN  o.e.m.c.i.embedder.EclipseLogger - Using platform encoding (UTF-8 actually) to copy filtered resources, i.e. build is platform dependent!
2023-06-22 10:00:30,651 [Worker-36: Launching Runner] INFO  o.e.m.c.i.embedder.EclipseLogger - Copying 0 resource
2023-06-22 10:01:05,236 [Worker-35: Launching Runner] WARN  o.e.m.c.i.embedder.EclipseLogger - Using platform encoding (UTF-8 actually) to copy filtered resources, i.e. build is platform dependent!
2023-06-22 10:01:05,267 [Worker-35: Launching Runner] INFO  o.e.m.c.i.embedder.EclipseLogger - Copying 0 resource
2023-06-22 10:01:05,270 [Worker-35: Launching Runner] WARN  o.e.m.c.i.embedder.EclipseLogger - Using platform encoding (UTF-8 actually) to copy filtered resources, i.e. build is platform dependent!
2023-06-22 10:01:05,276 [Worker-35: Launching Runner] INFO  o.e.m.c.i.embedder.EclipseLogger - Copying 0 resource
2023-06-22 10:02:02,377 [Worker-30: Launching Runner] WARN  o.e.m.c.i.embedder.EclipseLogger - Using platform encoding (UTF-8 actually) to copy filtered resources, i.e. build is platform dependent!
2023-06-22 10:02:02,406 [Worker-30: Launching Runner] INFO  o.e.m.c.i.embedder.EclipseLogger - Copying 0 resource
2023-06-22 10:02:02,409 [Worker-30: Launching Runner] WARN  o.e.m.c.i.embedder.EclipseLogger - Using platform encoding (UTF-8 actually) to copy filtered resources, i.e. build is platform dependent!
2023-06-22 10:02:02,423 [Worker-30: Launching Runner] INFO  o.e.m.c.i.embedder.EclipseLogger - Copying 0 resource
2023-06-22 10:02:09,917 [Worker-30: Launching Runner] WARN  o.e.m.c.i.embedder.EclipseLogger - Using platform encoding (UTF-8 actually) to copy filtered resources, i.e. build is platform dependent!
2023-06-22 10:02:09,923 [Worker-30: Launching Runner] INFO  o.e.m.c.i.embedder.EclipseLogger - Copying 0 resource
2023-06-22 10:02:09,926 [Worker-30: Launching Runner] WARN  o.e.m.c.i.embedder.EclipseLogger - Using platform encoding (UTF-8 actually) to copy filtered resources, i.e. build is platform dependent!
2023-06-22 10:02:09,928 [Worker-30: Launching Runner] INFO  o.e.m.c.i.embedder.EclipseLogger - Copying 0 resource
2023-06-22 10:02:37,491 [Worker-30: Building] WARN  o.e.m.c.i.embedder.EclipseLogger - Using platform encoding (UTF-8 actually) to copy filtered resources, i.e. build is platform dependent!
2023-06-22 10:02:37,494 [Worker-30: Building] INFO  o.e.m.c.i.embedder.EclipseLogger - Copying 0 resource
2023-06-22 10:02:37,497 [Worker-30: Building] WARN  o.e.m.c.i.embedder.EclipseLogger - Using platform encoding (UTF-8 actually) to copy filtered resources, i.e. build is platform dependent!
2023-06-22 10:02:37,499 [Worker-30: Building] INFO  o.e.m.c.i.embedder.EclipseLogger - Copying 0 resource
2023-06-22 10:03:16,410 [Worker-36: Building] WARN  o.e.m.c.i.embedder.EclipseLogger - Using platform encoding (UTF-8 actually) to copy filtered resources, i.e. build is platform dependent!
2023-06-22 10:03:16,413 [Worker-36: Building] INFO  o.e.m.c.i.embedder.EclipseLogger - Copying 0 resource
2023-06-22 10:03:16,415 [Worker-36: Building] WARN  o.e.m.c.i.embedder.EclipseLogger - Using platform encoding (UTF-8 actually) to copy filtered resources, i.e. build is platform dependent!
2023-06-22 10:03:16,418 [Worker-36: Building] INFO  o.e.m.c.i.embedder.EclipseLogger - Copying 0 resource
2023-06-22 10:03:23,285 [Worker-34: Building] WARN  o.e.m.c.i.embedder.EclipseLogger - Using platform encoding (UTF-8 actually) to copy filtered resources, i.e. build is platform dependent!
2023-06-22 10:03:23,287 [Worker-34: Building] INFO  o.e.m.c.i.embedder.EclipseLogger - Copying 0 resource
2023-06-22 10:03:23,290 [Worker-34: Building] WARN  o.e.m.c.i.embedder.EclipseLogger - Using platform encoding (UTF-8 actually) to copy filtered resources, i.e. build is platform dependent!
2023-06-22 10:03:23,293 [Worker-34: Building] INFO  o.e.m.c.i.embedder.EclipseLogger - Copying 0 resource
2023-06-22 10:04:31,360 [Worker-30: Building] WARN  o.e.m.c.i.embedder.EclipseLogger - Using platform encoding (UTF-8 actually) to copy filtered resources, i.e. build is platform dependent!
2023-06-22 10:04:31,366 [Worker-30: Building] INFO  o.e.m.c.i.embedder.EclipseLogger - Copying 0 resource
2023-06-22 10:04:31,368 [Worker-30: Building] WARN  o.e.m.c.i.embedder.EclipseLogger - Using platform encoding (UTF-8 actually) to copy filtered resources, i.e. build is platform dependent!
2023-06-22 10:04:31,378 [Worker-30: Building] INFO  o.e.m.c.i.embedder.EclipseLogger - Copying 0 resource
2023-06-22 10:13:03,941 [Worker-35: Building] WARN  o.e.m.c.i.embedder.EclipseLogger - Using platform encoding (UTF-8 actually) to copy filtered resources, i.e. build is platform dependent!
2023-06-22 10:13:03,948 [Worker-35: Building] INFO  o.e.m.c.i.embedder.EclipseLogger - Copying 0 resource
2023-06-22 10:13:03,950 [Worker-35: Building] WARN  o.e.m.c.i.embedder.EclipseLogger - Using platform encoding (UTF-8 actually) to copy filtered resources, i.e. build is platform dependent!
2023-06-22 10:13:03,952 [Worker-35: Building] INFO  o.e.m.c.i.embedder.EclipseLogger - Copying 0 resource
2023-06-22 10:13:33,548 [Worker-39: Building] WARN  o.e.m.c.i.embedder.EclipseLogger - Using platform encoding (UTF-8 actually) to copy filtered resources, i.e. build is platform dependent!
2023-06-22 10:13:33,550 [Worker-39: Building] INFO  o.e.m.c.i.embedder.EclipseLogger - Copying 0 resource
2023-06-22 10:13:33,552 [Worker-39: Building] WARN  o.e.m.c.i.embedder.EclipseLogger - Using platform encoding (UTF-8 actually) to copy filtered resources, i.e. build is platform dependent!
2023-06-22 10:13:33,554 [Worker-39: Building] INFO  o.e.m.c.i.embedder.EclipseLogger - Copying 0 resource
2023-06-22 10:13:34,629 [Worker-35: Launching Runner] WARN  o.e.m.c.i.embedder.EclipseLogger - Using platform encoding (UTF-8 actually) to copy filtered resources, i.e. build is platform dependent!
2023-06-22 10:13:34,631 [Worker-35: Launching Runner] INFO  o.e.m.c.i.embedder.EclipseLogger - Copying 0 resource
2023-06-22 10:13:34,634 [Worker-35: Launching Runner] WARN  o.e.m.c.i.embedder.EclipseLogger - Using platform encoding (UTF-8 actually) to copy filtered resources, i.e. build is platform dependent!
2023-06-22 10:13:34,635 [Worker-35: Launching Runner] INFO  o.e.m.c.i.embedder.EclipseLogger - Copying 0 resource
2023-06-22 10:13:45,151 [Worker-39: Launching Runner] WARN  o.e.m.c.i.embedder.EclipseLogger - Using platform encoding (UTF-8 actually) to copy filtered resources, i.e. build is platform dependent!
2023-06-22 10:13:45,166 [Worker-39: Launching Runner] INFO  o.e.m.c.i.embedder.EclipseLogger - Copying 0 resource
2023-06-22 10:13:45,169 [Worker-39: Launching Runner] WARN  o.e.m.c.i.embedder.EclipseLogger - Using platform encoding (UTF-8 actually) to copy filtered resources, i.e. build is platform dependent!
2023-06-22 10:13:45,178 [Worker-39: Launching Runner] INFO  o.e.m.c.i.embedder.EclipseLogger - Copying 0 resource
2023-06-22 10:33:36,630 [Worker-44: Building] WARN  o.e.m.c.i.embedder.EclipseLogger - Using platform encoding (UTF-8 actually) to copy filtered resources, i.e. build is platform dependent!
2023-06-22 10:33:36,636 [Worker-44: Building] INFO  o.e.m.c.i.embedder.EclipseLogger - Copying 0 resource
2023-06-22 10:33:36,639 [Worker-44: Building] WARN  o.e.m.c.i.embedder.EclipseLogger - Using platform encoding (UTF-8 actually) to copy filtered resources, i.e. build is platform dependent!
2023-06-22 10:33:36,648 [Worker-44: Building] INFO  o.e.m.c.i.embedder.EclipseLogger - Copying 0 resource
2023-06-22 10:38:50,377 [Worker-39: Building] WARN  o.e.m.c.i.embedder.EclipseLogger - Using platform encoding (UTF-8 actually) to copy filtered resources, i.e. build is platform dependent!
2023-06-22 10:38:50,379 [Worker-39: Building] INFO  o.e.m.c.i.embedder.EclipseLogger - Copying 0 resource
2023-06-22 10:38:50,381 [Worker-39: Building] WARN  o.e.m.c.i.embedder.EclipseLogger - Using platform encoding (UTF-8 actually) to copy filtered resources, i.e. build is platform dependent!
2023-06-22 10:38:50,383 [Worker-39: Building] INFO  o.e.m.c.i.embedder.EclipseLogger - Copying 0 resource
2023-06-22 11:06:47,290 [Worker-50: Building] WARN  o.e.m.c.i.embedder.EclipseLogger - Using platform encoding (UTF-8 actually) to copy filtered resources, i.e. build is platform dependent!
2023-06-22 11:06:47,292 [Worker-50: Building] INFO  o.e.m.c.i.embedder.EclipseLogger - Copying 0 resource
2023-06-22 11:06:47,294 [Worker-50: Building] WARN  o.e.m.c.i.embedder.EclipseLogger - Using platform encoding (UTF-8 actually) to copy filtered resources, i.e. build is platform dependent!
2023-06-22 11:06:47,296 [Worker-50: Building] INFO  o.e.m.c.i.embedder.EclipseLogger - Copying 0 resource
2023-06-22 11:11:04,602 [Worker-50: Launching Runner] WARN  o.e.m.c.i.embedder.EclipseLogger - Using platform encoding (UTF-8 actually) to copy filtered resources, i.e. build is platform dependent!
2023-06-22 11:11:04,618 [Worker-50: Launching Runner] INFO  o.e.m.c.i.embedder.EclipseLogger - Copying 0 resource
2023-06-22 11:11:04,620 [Worker-50: Launching Runner] WARN  o.e.m.c.i.embedder.EclipseLogger - Using platform encoding (UTF-8 actually) to copy filtered resources, i.e. build is platform dependent!
2023-06-22 11:11:04,622 [Worker-50: Launching Runner] INFO  o.e.m.c.i.embedder.EclipseLogger - Copying 0 resource
2023-06-22 11:11:45,563 [Worker-50: Launching Runner] WARN  o.e.m.c.i.embedder.EclipseLogger - Using platform encoding (UTF-8 actually) to copy filtered resources, i.e. build is platform dependent!
2023-06-22 11:11:45,566 [Worker-50: Launching Runner] INFO  o.e.m.c.i.embedder.EclipseLogger - Copying 0 resource
2023-06-22 11:11:45,569 [Worker-50: Launching Runner] WARN  o.e.m.c.i.embedder.EclipseLogger - Using platform encoding (UTF-8 actually) to copy filtered resources, i.e. build is platform dependent!
2023-06-22 11:11:45,576 [Worker-50: Launching Runner] INFO  o.e.m.c.i.embedder.EclipseLogger - Copying 0 resource
2023-06-22 11:12:00,729 [Worker-54: Launching Runner] WARN  o.e.m.c.i.embedder.EclipseLogger - Using platform encoding (UTF-8 actually) to copy filtered resources, i.e. build is platform dependent!
2023-06-22 11:12:00,763 [Worker-54: Launching Runner] INFO  o.e.m.c.i.embedder.EclipseLogger - Copying 0 resource
2023-06-22 11:12:00,765 [Worker-54: Launching Runner] WARN  o.e.m.c.i.embedder.EclipseLogger - Using platform encoding (UTF-8 actually) to copy filtered resources, i.e. build is platform dependent!
2023-06-22 11:12:00,767 [Worker-54: Launching Runner] INFO  o.e.m.c.i.embedder.EclipseLogger - Copying 0 resource
2023-06-22 11:16:35,697 [Worker-52: Launching Runner] WARN  o.e.m.c.i.embedder.EclipseLogger - Using platform encoding (UTF-8 actually) to copy filtered resources, i.e. build is platform dependent!
2023-06-22 11:16:35,701 [Worker-52: Launching Runner] INFO  o.e.m.c.i.embedder.EclipseLogger - Copying 0 resource
2023-06-22 11:16:35,704 [Worker-52: Launching Runner] WARN  o.e.m.c.i.embedder.EclipseLogger - Using platform encoding (UTF-8 actually) to copy filtered resources, i.e. build is platform dependent!
2023-06-22 11:16:35,717 [Worker-52: Launching Runner] INFO  o.e.m.c.i.embedder.EclipseLogger - Copying 0 resource
2023-06-22 11:16:42,537 [Worker-57: Launching Runner] WARN  o.e.m.c.i.embedder.EclipseLogger - Using platform encoding (UTF-8 actually) to copy filtered resources, i.e. build is platform dependent!
2023-06-22 11:16:42,571 [Worker-57: Launching Runner] INFO  o.e.m.c.i.embedder.EclipseLogger - Copying 0 resource
2023-06-22 11:16:42,572 [Worker-57: Launching Runner] WARN  o.e.m.c.i.embedder.EclipseLogger - Using platform encoding (UTF-8 actually) to copy filtered resources, i.e. build is platform dependent!
2023-06-22 11:16:42,576 [Worker-57: Launching Runner] INFO  o.e.m.c.i.embedder.EclipseLogger - Copying 0 resource
2023-06-22 11:16:46,594 [Worker-57: Launching Runner] WARN  o.e.m.c.i.embedder.EclipseLogger - Using platform encoding (UTF-8 actually) to copy filtered resources, i.e. build is platform dependent!
2023-06-22 11:16:46,597 [Worker-57: Launching Runner] INFO  o.e.m.c.i.embedder.EclipseLogger - Copying 0 resource
2023-06-22 11:16:46,600 [Worker-57: Launching Runner] WARN  o.e.m.c.i.embedder.EclipseLogger - Using platform encoding (UTF-8 actually) to copy filtered resources, i.e. build is platform dependent!
2023-06-22 11:16:46,602 [Worker-57: Launching Runner] INFO  o.e.m.c.i.embedder.EclipseLogger - Copying 0 resource
2023-06-22 11:18:48,328 [Worker-55: Building] WARN  o.e.m.c.i.embedder.EclipseLogger - Using platform encoding (UTF-8 actually) to copy filtered resources, i.e. build is platform dependent!
2023-06-22 11:18:48,330 [Worker-55: Building] INFO  o.e.m.c.i.embedder.EclipseLogger - Copying 0 resource
2023-06-22 11:18:48,332 [Worker-55: Building] WARN  o.e.m.c.i.embedder.EclipseLogger - Using platform encoding (UTF-8 actually) to copy filtered resources, i.e. build is platform dependent!
2023-06-22 11:18:48,334 [Worker-55: Building] INFO  o.e.m.c.i.embedder.EclipseLogger - Copying 0 resource
2023-06-22 11:48:32,111 [Worker-55: Launching Runner] WARN  o.e.m.c.i.embedder.EclipseLogger - Using platform encoding (UTF-8 actually) to copy filtered resources, i.e. build is platform dependent!
2023-06-22 11:48:32,113 [Worker-55: Launching Runner] INFO  o.e.m.c.i.embedder.EclipseLogger - Copying 0 resource
2023-06-22 11:48:32,115 [Worker-55: Launching Runner] WARN  o.e.m.c.i.embedder.EclipseLogger - Using platform encoding (UTF-8 actually) to copy filtered resources, i.e. build is platform dependent!
2023-06-22 11:48:32,116 [Worker-55: Launching Runner] INFO  o.e.m.c.i.embedder.EclipseLogger - Copying 0 resource
2023-06-22 11:49:43,262 [Worker-63: Launching Runner] WARN  o.e.m.c.i.embedder.EclipseLogger - Using platform encoding (UTF-8 actually) to copy filtered resources, i.e. build is platform dependent!
2023-06-22 11:49:43,265 [Worker-63: Launching Runner] INFO  o.e.m.c.i.embedder.EclipseLogger - Copying 0 resource
2023-06-22 11:49:43,267 [Worker-63: Launching Runner] WARN  o.e.m.c.i.embedder.EclipseLogger - Using platform encoding (UTF-8 actually) to copy filtered resources, i.e. build is platform dependent!
2023-06-22 11:49:43,272 [Worker-63: Launching Runner] INFO  o.e.m.c.i.embedder.EclipseLogger - Copying 0 resource
2023-06-22 13:07:07,949 [Worker-68: Launching Runner] WARN  o.e.m.c.i.embedder.EclipseLogger - Using platform encoding (UTF-8 actually) to copy filtered resources, i.e. build is platform dependent!
2023-06-22 13:07:07,955 [Worker-68: Launching Runner] INFO  o.e.m.c.i.embedder.EclipseLogger - Copying 0 resource
2023-06-22 13:07:07,957 [Worker-68: Launching Runner] WARN  o.e.m.c.i.embedder.EclipseLogger - Using platform encoding (UTF-8 actually) to copy filtered resources, i.e. build is platform dependent!
2023-06-22 13:07:07,959 [Worker-68: Launching Runner] INFO  o.e.m.c.i.embedder.EclipseLogger - Copying 0 resource
2023-06-22 13:28:11,047 [Worker-68: Launching Runner] WARN  o.e.m.c.i.embedder.EclipseLogger - Using platform encoding (UTF-8 actually) to copy filtered resources, i.e. build is platform dependent!
2023-06-22 13:28:11,080 [Worker-68: Launching Runner] INFO  o.e.m.c.i.embedder.EclipseLogger - Copying 0 resource
2023-06-22 13:28:11,082 [Worker-68: Launching Runner] WARN  o.e.m.c.i.embedder.EclipseLogger - Using platform encoding (UTF-8 actually) to copy filtered resources, i.e. build is platform dependent!
2023-06-22 13:28:11,085 [Worker-68: Launching Runner] INFO  o.e.m.c.i.embedder.EclipseLogger - Copying 0 resource
2023-06-22 13:31:48,190 [Worker-68: Launching Runner] WARN  o.e.m.c.i.embedder.EclipseLogger - Using platform encoding (UTF-8 actually) to copy filtered resources, i.e. build is platform dependent!
2023-06-22 13:31:48,197 [Worker-68: Launching Runner] INFO  o.e.m.c.i.embedder.EclipseLogger - Copying 0 resource
2023-06-22 13:31:48,200 [Worker-68: Launching Runner] WARN  o.e.m.c.i.embedder.EclipseLogger - Using platform encoding (UTF-8 actually) to copy filtered resources, i.e. build is platform dependent!
2023-06-22 13:31:48,222 [Worker-68: Launching Runner] INFO  o.e.m.c.i.embedder.EclipseLogger - Copying 0 resource
2023-06-22 13:33:42,739 [Worker-76: Launching Runner] WARN  o.e.m.c.i.embedder.EclipseLogger - Using platform encoding (UTF-8 actually) to copy filtered resources, i.e. build is platform dependent!
2023-06-22 13:33:42,757 [Worker-76: Launching Runner] INFO  o.e.m.c.i.embedder.EclipseLogger - Copying 0 resource
2023-06-22 13:33:42,759 [Worker-76: Launching Runner] WARN  o.e.m.c.i.embedder.EclipseLogger - Using platform encoding (UTF-8 actually) to copy filtered resources, i.e. build is platform dependent!
2023-06-22 13:33:42,768 [Worker-76: Launching Runner] INFO  o.e.m.c.i.embedder.EclipseLogger - Copying 0 resource
2023-06-22 16:52:30,516 [Worker-82: Launching Runner] WARN  o.e.m.c.i.embedder.EclipseLogger - Using platform encoding (UTF-8 actually) to copy filtered resources, i.e. build is platform dependent!
2023-06-22 16:52:30,521 [Worker-82: Launching Runner] INFO  o.e.m.c.i.embedder.EclipseLogger - Copying 0 resource
2023-06-22 16:52:30,523 [Worker-82: Launching Runner] WARN  o.e.m.c.i.embedder.EclipseLogger - Using platform encoding (UTF-8 actually) to copy filtered resources, i.e. build is platform dependent!
2023-06-22 16:52:30,533 [Worker-82: Launching Runner] INFO  o.e.m.c.i.embedder.EclipseLogger - Copying 0 resource
2023-06-22 17:22:24,690 [Worker-84: Building] WARN  o.e.m.c.i.embedder.EclipseLogger - Using platform encoding (UTF-8 actually) to copy filtered resources, i.e. build is platform dependent!
2023-06-22 17:22:24,692 [Worker-84: Building] INFO  o.e.m.c.i.embedder.EclipseLogger - Copying 0 resource
2023-06-22 17:22:24,695 [Worker-84: Building] WARN  o.e.m.c.i.embedder.EclipseLogger - Using platform encoding (UTF-8 actually) to copy filtered resources, i.e. build is platform dependent!
2023-06-22 17:22:24,697 [Worker-84: Building] INFO  o.e.m.c.i.embedder.EclipseLogger - Copying 0 resource
2023-06-22 17:50:10,722 [Worker-97: Building] WARN  o.e.m.c.i.embedder.EclipseLogger - Using platform encoding (UTF-8 actually) to copy filtered resources, i.e. build is platform dependent!
2023-06-22 17:50:10,724 [Worker-97: Building] INFO  o.e.m.c.i.embedder.EclipseLogger - Copying 0 resource
2023-06-22 17:50:10,726 [Worker-97: Building] WARN  o.e.m.c.i.embedder.EclipseLogger - Using platform encoding (UTF-8 actually) to copy filtered resources, i.e. build is platform dependent!
2023-06-22 17:50:10,728 [Worker-97: Building] INFO  o.e.m.c.i.embedder.EclipseLogger - Copying 0 resource
2023-06-22 17:52:50,824 [Worker-88: Building] WARN  o.e.m.c.i.embedder.EclipseLogger - Using platform encoding (UTF-8 actually) to copy filtered resources, i.e. build is platform dependent!
2023-06-22 17:52:50,827 [Worker-88: Building] INFO  o.e.m.c.i.embedder.EclipseLogger - Copying 0 resource
2023-06-22 17:52:50,830 [Worker-88: Building] WARN  o.e.m.c.i.embedder.EclipseLogger - Using platform encoding (UTF-8 actually) to copy filtered resources, i.e. build is platform dependent!
2023-06-22 17:52:50,833 [Worker-88: Building] INFO  o.e.m.c.i.embedder.EclipseLogger - Copying 0 resource
2023-06-22 18:03:37,546 [Worker-102: Launching Runner] WARN  o.e.m.c.i.embedder.EclipseLogger - Using platform encoding (UTF-8 actually) to copy filtered resources, i.e. build is platform dependent!
2023-06-22 18:03:37,550 [Worker-102: Launching Runner] INFO  o.e.m.c.i.embedder.EclipseLogger - Copying 0 resource
2023-06-22 18:03:37,552 [Worker-102: Launching Runner] WARN  o.e.m.c.i.embedder.EclipseLogger - Using platform encoding (UTF-8 actually) to copy filtered resources, i.e. build is platform dependent!
2023-06-22 18:03:37,567 [Worker-102: Launching Runner] INFO  o.e.m.c.i.embedder.EclipseLogger - Copying 0 resource
2023-06-22 18:06:17,886 [Worker-103: Building] WARN  o.e.m.c.i.embedder.EclipseLogger - Using platform encoding (UTF-8 actually) to copy filtered resources, i.e. build is platform dependent!
2023-06-22 18:06:17,888 [Worker-103: Building] INFO  o.e.m.c.i.embedder.EclipseLogger - Copying 0 resource
2023-06-22 18:06:17,890 [Worker-103: Building] WARN  o.e.m.c.i.embedder.EclipseLogger - Using platform encoding (UTF-8 actually) to copy filtered resources, i.e. build is platform dependent!
2023-06-22 18:06:17,892 [Worker-103: Building] INFO  o.e.m.c.i.embedder.EclipseLogger - Copying 0 resource
2023-06-22 18:12:02,588 [Worker-102: Launching Runner] WARN  o.e.m.c.i.embedder.EclipseLogger - Using platform encoding (UTF-8 actually) to copy filtered resources, i.e. build is platform dependent!
2023-06-22 18:12:02,592 [Worker-102: Launching Runner] INFO  o.e.m.c.i.embedder.EclipseLogger - Copying 0 resource
2023-06-22 18:12:02,596 [Worker-102: Launching Runner] WARN  o.e.m.c.i.embedder.EclipseLogger - Using platform encoding (UTF-8 actually) to copy filtered resources, i.e. build is platform dependent!
2023-06-22 18:12:02,600 [Worker-102: Launching Runner] INFO  o.e.m.c.i.embedder.EclipseLogger - Copying 0 resource
2023-06-22 18:15:04,146 [Worker-102: Launching Runner] WARN  o.e.m.c.i.embedder.EclipseLogger - Using platform encoding (UTF-8 actually) to copy filtered resources, i.e. build is platform dependent!
2023-06-22 18:15:04,149 [Worker-102: Launching Runner] INFO  o.e.m.c.i.embedder.EclipseLogger - Copying 0 resource
2023-06-22 18:15:04,150 [Worker-102: Launching Runner] WARN  o.e.m.c.i.embedder.EclipseLogger - Using platform encoding (UTF-8 actually) to copy filtered resources, i.e. build is platform dependent!
2023-06-22 18:15:04,153 [Worker-102: Launching Runner] INFO  o.e.m.c.i.embedder.EclipseLogger - Copying 0 resource
2023-06-22 18:26:38,055 [Worker-110: Launching Runner] WARN  o.e.m.c.i.embedder.EclipseLogger - Using platform encoding (UTF-8 actually) to copy filtered resources, i.e. build is platform dependent!
2023-06-22 18:26:38,066 [Worker-110: Launching Runner] INFO  o.e.m.c.i.embedder.EclipseLogger - Copying 0 resource
2023-06-22 18:26:38,070 [Worker-110: Launching Runner] WARN  o.e.m.c.i.embedder.EclipseLogger - Using platform encoding (UTF-8 actually) to copy filtered resources, i.e. build is platform dependent!
2023-06-22 18:26:38,075 [Worker-110: Launching Runner] INFO  o.e.m.c.i.embedder.EclipseLogger - Copying 0 resource
2023-06-22 18:28:02,575 [Worker-110: Launching Runner] WARN  o.e.m.c.i.embedder.EclipseLogger - Using platform encoding (UTF-8 actually) to copy filtered resources, i.e. build is platform dependent!
2023-06-22 18:28:02,598 [Worker-110: Launching Runner] INFO  o.e.m.c.i.embedder.EclipseLogger - Copying 0 resource
2023-06-22 18:28:02,600 [Worker-110: Launching Runner] WARN  o.e.m.c.i.embedder.EclipseLogger - Using platform encoding (UTF-8 actually) to copy filtered resources, i.e. build is platform dependent!
2023-06-22 18:28:02,608 [Worker-110: Launching Runner] INFO  o.e.m.c.i.embedder.EclipseLogger - Copying 0 resource
2023-06-22 18:30:20,423 [Worker-119: Building] WARN  o.e.m.c.i.embedder.EclipseLogger - Using platform encoding (UTF-8 actually) to copy filtered resources, i.e. build is platform dependent!
2023-06-22 18:30:20,425 [Worker-119: Building] INFO  o.e.m.c.i.embedder.EclipseLogger - Copying 0 resource
2023-06-22 18:30:20,427 [Worker-119: Building] WARN  o.e.m.c.i.embedder.EclipseLogger - Using platform encoding (UTF-8 actually) to copy filtered resources, i.e. build is platform dependent!
2023-06-22 18:30:20,428 [Worker-119: Building] INFO  o.e.m.c.i.embedder.EclipseLogger - Copying 0 resource
2023-06-22 18:33:10,431 [Worker-119: Building] WARN  o.e.m.c.i.embedder.EclipseLogger - Using platform encoding (UTF-8 actually) to copy filtered resources, i.e. build is platform dependent!
2023-06-22 18:33:10,433 [Worker-119: Building] INFO  o.e.m.c.i.embedder.EclipseLogger - Copying 0 resource
2023-06-22 18:33:10,435 [Worker-119: Building] WARN  o.e.m.c.i.embedder.EclipseLogger - Using platform encoding (UTF-8 actually) to copy filtered resources, i.e. build is platform dependent!
2023-06-22 18:33:10,437 [Worker-119: Building] INFO  o.e.m.c.i.embedder.EclipseLogger - Copying 0 resource
2023-06-22 18:34:17,724 [Worker-110: Launching Runner] WARN  o.e.m.c.i.embedder.EclipseLogger - Using platform encoding (UTF-8 actually) to copy filtered resources, i.e. build is platform dependent!
2023-06-22 18:34:17,736 [Worker-110: Launching Runner] INFO  o.e.m.c.i.embedder.EclipseLogger - Copying 0 resource
2023-06-22 18:34:17,740 [Worker-110: Launching Runner] WARN  o.e.m.c.i.embedder.EclipseLogger - Using platform encoding (UTF-8 actually) to copy filtered resources, i.e. build is platform dependent!
2023-06-22 18:34:17,760 [Worker-110: Launching Runner] INFO  o.e.m.c.i.embedder.EclipseLogger - Copying 0 resource
2023-06-22 18:34:31,820 [Worker-118: Launching Runner] WARN  o.e.m.c.i.embedder.EclipseLogger - Using platform encoding (UTF-8 actually) to copy filtered resources, i.e. build is platform dependent!
2023-06-22 18:34:31,824 [Worker-118: Launching Runner] INFO  o.e.m.c.i.embedder.EclipseLogger - Copying 0 resource
2023-06-22 18:34:31,826 [Worker-118: Launching Runner] WARN  o.e.m.c.i.embedder.EclipseLogger - Using platform encoding (UTF-8 actually) to copy filtered resources, i.e. build is platform dependent!
2023-06-22 18:34:31,830 [Worker-118: Launching Runner] INFO  o.e.m.c.i.embedder.EclipseLogger - Copying 0 resource
2023-06-22 18:35:16,490 [Worker-121: Launching Runner] WARN  o.e.m.c.i.embedder.EclipseLogger - Using platform encoding (UTF-8 actually) to copy filtered resources, i.e. build is platform dependent!
2023-06-22 18:35:16,524 [Worker-121: Launching Runner] INFO  o.e.m.c.i.embedder.EclipseLogger - Copying 0 resource
2023-06-22 18:35:16,526 [Worker-121: Launching Runner] WARN  o.e.m.c.i.embedder.EclipseLogger - Using platform encoding (UTF-8 actually) to copy filtered resources, i.e. build is platform dependent!
2023-06-22 18:35:16,528 [Worker-121: Launching Runner] INFO  o.e.m.c.i.embedder.EclipseLogger - Copying 0 resource
2023-06-22 18:35:36,995 [Worker-119: Launching Runner] WARN  o.e.m.c.i.embedder.EclipseLogger - Using platform encoding (UTF-8 actually) to copy filtered resources, i.e. build is platform dependent!
2023-06-22 18:35:36,999 [Worker-119: Launching Runner] INFO  o.e.m.c.i.embedder.EclipseLogger - Copying 0 resource
2023-06-22 18:35:37,002 [Worker-119: Launching Runner] WARN  o.e.m.c.i.embedder.EclipseLogger - Using platform encoding (UTF-8 actually) to copy filtered resources, i.e. build is platform dependent!
2023-06-22 18:35:37,004 [Worker-119: Launching Runner] INFO  o.e.m.c.i.embedder.EclipseLogger - Copying 0 resource
2023-06-22 20:57:29,861 [Worker-120: Building] WARN  o.e.m.c.i.embedder.EclipseLogger - Using platform encoding (UTF-8 actually) to copy filtered resources, i.e. build is platform dependent!
2023-06-22 20:57:29,864 [Worker-120: Building] INFO  o.e.m.c.i.embedder.EclipseLogger - Copying 0 resource
2023-06-22 20:57:29,867 [Worker-120: Building] WARN  o.e.m.c.i.embedder.EclipseLogger - Using platform encoding (UTF-8 actually) to copy filtered resources, i.e. build is platform dependent!
2023-06-22 20:57:29,868 [Worker-120: Building] INFO  o.e.m.c.i.embedder.EclipseLogger - Copying 0 resource
2023-06-22 20:59:30,394 [Worker-123: Launching Runner] WARN  o.e.m.c.i.embedder.EclipseLogger - Using platform encoding (UTF-8 actually) to copy filtered resources, i.e. build is platform dependent!
2023-06-22 20:59:30,396 [Worker-123: Launching Runner] INFO  o.e.m.c.i.embedder.EclipseLogger - Copying 0 resource
2023-06-22 20:59:30,398 [Worker-123: Launching Runner] WARN  o.e.m.c.i.embedder.EclipseLogger - Using platform encoding (UTF-8 actually) to copy filtered resources, i.e. build is platform dependent!
2023-06-22 20:59:30,400 [Worker-123: Launching Runner] INFO  o.e.m.c.i.embedder.EclipseLogger - Copying 0 resource
2023-06-22 21:00:05,706 [Worker-124: Launching Runner] WARN  o.e.m.c.i.embedder.EclipseLogger - Using platform encoding (UTF-8 actually) to copy filtered resources, i.e. build is platform dependent!
2023-06-22 21:00:05,710 [Worker-124: Launching Runner] INFO  o.e.m.c.i.embedder.EclipseLogger - Copying 0 resource
2023-06-22 21:00:05,711 [Worker-124: Launching Runner] WARN  o.e.m.c.i.embedder.EclipseLogger - Using platform encoding (UTF-8 actually) to copy filtered resources, i.e. build is platform dependent!
2023-06-22 21:00:05,714 [Worker-124: Launching Runner] INFO  o.e.m.c.i.embedder.EclipseLogger - Copying 0 resource
2023-06-22 21:00:33,057 [Worker-126: Launching Runner] WARN  o.e.m.c.i.embedder.EclipseLogger - Using platform encoding (UTF-8 actually) to copy filtered resources, i.e. build is platform dependent!
2023-06-22 21:00:33,060 [Worker-126: Launching Runner] INFO  o.e.m.c.i.embedder.EclipseLogger - Copying 0 resource
2023-06-22 21:00:33,063 [Worker-126: Launching Runner] WARN  o.e.m.c.i.embedder.EclipseLogger - Using platform encoding (UTF-8 actually) to copy filtered resources, i.e. build is platform dependent!
2023-06-22 21:00:33,065 [Worker-126: Launching Runner] INFO  o.e.m.c.i.embedder.EclipseLogger - Copying 0 resource
2023-06-22 21:03:10,947 [Worker-126: Building] WARN  o.e.m.c.i.embedder.EclipseLogger - Using platform encoding (UTF-8 actually) to copy filtered resources, i.e. build is platform dependent!
2023-06-22 21:03:10,949 [Worker-126: Building] INFO  o.e.m.c.i.embedder.EclipseLogger - Copying 0 resource
2023-06-22 21:03:10,951 [Worker-126: Building] WARN  o.e.m.c.i.embedder.EclipseLogger - Using platform encoding (UTF-8 actually) to copy filtered resources, i.e. build is platform dependent!
2023-06-22 21:03:10,953 [Worker-126: Building] INFO  o.e.m.c.i.embedder.EclipseLogger - Copying 0 resource
2023-06-22 21:07:11,382 [Worker-120: Launching Runner] WARN  o.e.m.c.i.embedder.EclipseLogger - Using platform encoding (UTF-8 actually) to copy filtered resources, i.e. build is platform dependent!
2023-06-22 21:07:11,387 [Worker-120: Launching Runner] INFO  o.e.m.c.i.embedder.EclipseLogger - Copying 0 resource
2023-06-22 21:07:11,389 [Worker-120: Launching Runner] WARN  o.e.m.c.i.embedder.EclipseLogger - Using platform encoding (UTF-8 actually) to copy filtered resources, i.e. build is platform dependent!
2023-06-22 21:07:11,391 [Worker-120: Launching Runner] INFO  o.e.m.c.i.embedder.EclipseLogger - Copying 0 resource
2023-06-22 21:07:33,476 [Worker-126: Building] WARN  o.e.m.c.i.embedder.EclipseLogger - Using platform encoding (UTF-8 actually) to copy filtered resources, i.e. build is platform dependent!
2023-06-22 21:07:33,478 [Worker-126: Building] INFO  o.e.m.c.i.embedder.EclipseLogger - Copying 0 resource
2023-06-22 21:07:33,480 [Worker-126: Building] WARN  o.e.m.c.i.embedder.EclipseLogger - Using platform encoding (UTF-8 actually) to copy filtered resources, i.e. build is platform dependent!
2023-06-22 21:07:33,482 [Worker-126: Building] INFO  o.e.m.c.i.embedder.EclipseLogger - Copying 0 resource
2023-06-23 08:58:35,303 [Worker-0: Loading available Gradle versions] INFO  o.e.b.c.i.u.g.PublishedGradleVersions - Gradle version information cache is up-to-date. Trying to read.
2023-06-23 09:04:21,099 [Worker-13: Building] WARN  o.e.m.c.i.embedder.EclipseLogger - Using platform encoding (UTF-8 actually) to copy filtered resources, i.e. build is platform dependent!
2023-06-23 09:04:21,107 [Worker-13: Building] INFO  o.e.m.c.i.embedder.EclipseLogger - Copying 0 resource
2023-06-23 09:04:21,113 [Worker-13: Building] WARN  o.e.m.c.i.embedder.EclipseLogger - Using platform encoding (UTF-8 actually) to copy filtered resources, i.e. build is platform dependent!
2023-06-23 09:04:21,115 [Worker-13: Building] INFO  o.e.m.c.i.embedder.EclipseLogger - Copying 0 resource
2023-06-23 09:17:46,602 [Worker-17: Building] WARN  o.e.m.c.i.embedder.EclipseLogger - Using platform encoding (UTF-8 actually) to copy filtered resources, i.e. build is platform dependent!
2023-06-23 09:17:46,610 [Worker-17: Building] INFO  o.e.m.c.i.embedder.EclipseLogger - Copying 0 resource
2023-06-23 09:17:46,613 [Worker-17: Building] WARN  o.e.m.c.i.embedder.EclipseLogger - Using platform encoding (UTF-8 actually) to copy filtered resources, i.e. build is platform dependent!
2023-06-23 09:17:46,615 [Worker-17: Building] INFO  o.e.m.c.i.embedder.EclipseLogger - Copying 0 resource
2023-06-23 09:35:13,394 [Worker-18: Building] WARN  o.e.m.c.i.embedder.EclipseLogger - Using platform encoding (UTF-8 actually) to copy filtered resources, i.e. build is platform dependent!
2023-06-23 09:35:13,397 [Worker-18: Building] INFO  o.e.m.c.i.embedder.EclipseLogger - Copying 0 resource
2023-06-23 09:35:13,400 [Worker-18: Building] WARN  o.e.m.c.i.embedder.EclipseLogger - Using platform encoding (UTF-8 actually) to copy filtered resources, i.e. build is platform dependent!
2023-06-23 09:35:13,402 [Worker-18: Building] INFO  o.e.m.c.i.embedder.EclipseLogger - Copying 0 resource
2023-06-23 09:35:49,361 [Worker-19: Building] WARN  o.e.m.c.i.embedder.EclipseLogger - Using platform encoding (UTF-8 actually) to copy filtered resources, i.e. build is platform dependent!
2023-06-23 09:35:49,363 [Worker-19: Building] INFO  o.e.m.c.i.embedder.EclipseLogger - Copying 0 resource
2023-06-23 09:35:49,366 [Worker-19: Building] WARN  o.e.m.c.i.embedder.EclipseLogger - Using platform encoding (UTF-8 actually) to copy filtered resources, i.e. build is platform dependent!
2023-06-23 09:35:49,368 [Worker-19: Building] INFO  o.e.m.c.i.embedder.EclipseLogger - Copying 0 resource
2023-06-23 09:37:07,320 [Worker-19: Building] WARN  o.e.m.c.i.embedder.EclipseLogger - Using platform encoding (UTF-8 actually) to copy filtered resources, i.e. build is platform dependent!
2023-06-23 09:37:07,323 [Worker-19: Building] INFO  o.e.m.c.i.embedder.EclipseLogger - Copying 0 resource
2023-06-23 09:37:07,325 [Worker-19: Building] WARN  o.e.m.c.i.embedder.EclipseLogger - Using platform encoding (UTF-8 actually) to copy filtered resources, i.e. build is platform dependent!
2023-06-23 09:37:07,327 [Worker-19: Building] INFO  o.e.m.c.i.embedder.EclipseLogger - Copying 0 resource
2023-06-23 09:37:21,915 [Worker-21: Building] WARN  o.e.m.c.i.embedder.EclipseLogger - Using platform encoding (UTF-8 actually) to copy filtered resources, i.e. build is platform dependent!
2023-06-23 09:37:21,918 [Worker-21: Building] INFO  o.e.m.c.i.embedder.EclipseLogger - Copying 0 resource
2023-06-23 09:37:21,921 [Worker-21: Building] WARN  o.e.m.c.i.embedder.EclipseLogger - Using platform encoding (UTF-8 actually) to copy filtered resources, i.e. build is platform dependent!
2023-06-23 09:37:21,923 [Worker-21: Building] INFO  o.e.m.c.i.embedder.EclipseLogger - Copying 0 resource
2023-06-23 09:43:48,196 [Worker-18: Building] WARN  o.e.m.c.i.embedder.EclipseLogger - Using platform encoding (UTF-8 actually) to copy filtered resources, i.e. build is platform dependent!
2023-06-23 09:43:48,198 [Worker-18: Building] INFO  o.e.m.c.i.embedder.EclipseLogger - Copying 0 resource
2023-06-23 09:43:48,201 [Worker-18: Building] WARN  o.e.m.c.i.embedder.EclipseLogger - Using platform encoding (UTF-8 actually) to copy filtered resources, i.e. build is platform dependent!
2023-06-23 09:43:48,203 [Worker-18: Building] INFO  o.e.m.c.i.embedder.EclipseLogger - Copying 0 resource
2023-06-23 09:44:34,429 [Worker-18: Building] WARN  o.e.m.c.i.embedder.EclipseLogger - Using platform encoding (UTF-8 actually) to copy filtered resources, i.e. build is platform dependent!
2023-06-23 09:44:34,430 [Worker-18: Building] INFO  o.e.m.c.i.embedder.EclipseLogger - Copying 0 resource
2023-06-23 09:44:34,434 [Worker-18: Building] WARN  o.e.m.c.i.embedder.EclipseLogger - Using platform encoding (UTF-8 actually) to copy filtered resources, i.e. build is platform dependent!
2023-06-23 09:44:34,435 [Worker-18: Building] INFO  o.e.m.c.i.embedder.EclipseLogger - Copying 0 resource
2023-06-23 10:06:40,102 [Worker-27: Building] WARN  o.e.m.c.i.embedder.EclipseLogger - Using platform encoding (UTF-8 actually) to copy filtered resources, i.e. build is platform dependent!
2023-06-23 10:06:40,106 [Worker-27: Building] INFO  o.e.m.c.i.embedder.EclipseLogger - Copying 0 resource
2023-06-23 10:06:40,110 [Worker-27: Building] WARN  o.e.m.c.i.embedder.EclipseLogger - Using platform encoding (UTF-8 actually) to copy filtered resources, i.e. build is platform dependent!
2023-06-23 10:06:40,113 [Worker-27: Building] INFO  o.e.m.c.i.embedder.EclipseLogger - Copying 0 resource
2023-06-23 10:07:09,825 [Worker-24: Building] WARN  o.e.m.c.i.embedder.EclipseLogger - Using platform encoding (UTF-8 actually) to copy filtered resources, i.e. build is platform dependent!
2023-06-23 10:07:09,827 [Worker-24: Building] INFO  o.e.m.c.i.embedder.EclipseLogger - Copying 0 resource
2023-06-23 10:07:09,829 [Worker-24: Building] WARN  o.e.m.c.i.embedder.EclipseLogger - Using platform encoding (UTF-8 actually) to copy filtered resources, i.e. build is platform dependent!
2023-06-23 10:07:09,831 [Worker-24: Building] INFO  o.e.m.c.i.embedder.EclipseLogger - Copying 0 resource
2023-06-23 10:07:48,146 [Worker-26: Building] WARN  o.e.m.c.i.embedder.EclipseLogger - Using platform encoding (UTF-8 actually) to copy filtered resources, i.e. build is platform dependent!
2023-06-23 10:07:48,148 [Worker-26: Building] INFO  o.e.m.c.i.embedder.EclipseLogger - Copying 0 resource
2023-06-23 10:07:48,151 [Worker-26: Building] WARN  o.e.m.c.i.embedder.EclipseLogger - Using platform encoding (UTF-8 actually) to copy filtered resources, i.e. build is platform dependent!
2023-06-23 10:07:48,152 [Worker-26: Building] INFO  o.e.m.c.i.embedder.EclipseLogger - Copying 0 resource
2023-06-23 10:07:54,929 [Worker-26: Building] WARN  o.e.m.c.i.embedder.EclipseLogger - Using platform encoding (UTF-8 actually) to copy filtered resources, i.e. build is platform dependent!
2023-06-23 10:07:54,931 [Worker-26: Building] INFO  o.e.m.c.i.embedder.EclipseLogger - Copying 0 resource
2023-06-23 10:07:54,933 [Worker-26: Building] WARN  o.e.m.c.i.embedder.EclipseLogger - Using platform encoding (UTF-8 actually) to copy filtered resources, i.e. build is platform dependent!
2023-06-23 10:07:54,935 [Worker-26: Building] INFO  o.e.m.c.i.embedder.EclipseLogger - Copying 0 resource
2023-06-23 10:08:02,171 [Worker-29: Building] WARN  o.e.m.c.i.embedder.EclipseLogger - Using platform encoding (UTF-8 actually) to copy filtered resources, i.e. build is platform dependent!
2023-06-23 10:08:02,173 [Worker-29: Building] INFO  o.e.m.c.i.embedder.EclipseLogger - Copying 0 resource
2023-06-23 10:08:02,175 [Worker-29: Building] WARN  o.e.m.c.i.embedder.EclipseLogger - Using platform encoding (UTF-8 actually) to copy filtered resources, i.e. build is platform dependent!
2023-06-23 10:08:02,178 [Worker-29: Building] INFO  o.e.m.c.i.embedder.EclipseLogger - Copying 0 resource
2023-06-23 10:08:14,469 [Worker-29: Building] WARN  o.e.m.c.i.embedder.EclipseLogger - Using platform encoding (UTF-8 actually) to copy filtered resources, i.e. build is platform dependent!
2023-06-23 10:08:14,471 [Worker-29: Building] INFO  o.e.m.c.i.embedder.EclipseLogger - Copying 0 resource
2023-06-23 10:08:14,473 [Worker-29: Building] WARN  o.e.m.c.i.embedder.EclipseLogger - Using platform encoding (UTF-8 actually) to copy filtered resources, i.e. build is platform dependent!
2023-06-23 10:08:14,475 [Worker-29: Building] INFO  o.e.m.c.i.embedder.EclipseLogger - Copying 0 resource
2023-06-23 10:10:42,231 [Worker-26: Building] WARN  o.e.m.c.i.embedder.EclipseLogger - Using platform encoding (UTF-8 actually) to copy filtered resources, i.e. build is platform dependent!
2023-06-23 10:10:42,234 [Worker-26: Building] INFO  o.e.m.c.i.embedder.EclipseLogger - Copying 0 resource
2023-06-23 10:10:42,237 [Worker-26: Building] WARN  o.e.m.c.i.embedder.EclipseLogger - Using platform encoding (UTF-8 actually) to copy filtered resources, i.e. build is platform dependent!
2023-06-23 10:10:42,242 [Worker-26: Building] INFO  o.e.m.c.i.embedder.EclipseLogger - Copying 0 resource
2023-06-23 10:11:35,654 [Worker-18: Building] WARN  o.e.m.c.i.embedder.EclipseLogger - Using platform encoding (UTF-8 actually) to copy filtered resources, i.e. build is platform dependent!
2023-06-23 10:11:35,656 [Worker-18: Building] INFO  o.e.m.c.i.embedder.EclipseLogger - Copying 0 resource
2023-06-23 10:11:35,658 [Worker-18: Building] WARN  o.e.m.c.i.embedder.EclipseLogger - Using platform encoding (UTF-8 actually) to copy filtered resources, i.e. build is platform dependent!
2023-06-23 10:11:35,660 [Worker-18: Building] INFO  o.e.m.c.i.embedder.EclipseLogger - Copying 0 resource
2023-06-23 10:14:01,938 [Worker-24: Building] WARN  o.e.m.c.i.embedder.EclipseLogger - Using platform encoding (UTF-8 actually) to copy filtered resources, i.e. build is platform dependent!
2023-06-23 10:14:01,940 [Worker-24: Building] INFO  o.e.m.c.i.embedder.EclipseLogger - Copying 0 resource
2023-06-23 10:14:01,942 [Worker-24: Building] WARN  o.e.m.c.i.embedder.EclipseLogger - Using platform encoding (UTF-8 actually) to copy filtered resources, i.e. build is platform dependent!
2023-06-23 10:14:01,944 [Worker-24: Building] INFO  o.e.m.c.i.embedder.EclipseLogger - Copying 0 resource
2023-06-23 10:15:44,631 [Worker-18: Building] WARN  o.e.m.c.i.embedder.EclipseLogger - Using platform encoding (UTF-8 actually) to copy filtered resources, i.e. build is platform dependent!
2023-06-23 10:15:44,633 [Worker-18: Building] INFO  o.e.m.c.i.embedder.EclipseLogger - Copying 0 resource
2023-06-23 10:15:44,636 [Worker-18: Building] WARN  o.e.m.c.i.embedder.EclipseLogger - Using platform encoding (UTF-8 actually) to copy filtered resources, i.e. build is platform dependent!
2023-06-23 10:15:44,637 [Worker-18: Building] INFO  o.e.m.c.i.embedder.EclipseLogger - Copying 0 resource
2023-06-23 10:17:17,774 [Worker-29: Building] WARN  o.e.m.c.i.embedder.EclipseLogger - Using platform encoding (UTF-8 actually) to copy filtered resources, i.e. build is platform dependent!
2023-06-23 10:17:17,777 [Worker-29: Building] INFO  o.e.m.c.i.embedder.EclipseLogger - Copying 0 resource
2023-06-23 10:17:17,779 [Worker-29: Building] WARN  o.e.m.c.i.embedder.EclipseLogger - Using platform encoding (UTF-8 actually) to copy filtered resources, i.e. build is platform dependent!
2023-06-23 10:17:17,781 [Worker-29: Building] INFO  o.e.m.c.i.embedder.EclipseLogger - Copying 0 resource
2023-06-23 10:18:20,832 [Worker-24: Building] WARN  o.e.m.c.i.embedder.EclipseLogger - Using platform encoding (UTF-8 actually) to copy filtered resources, i.e. build is platform dependent!
2023-06-23 10:18:20,834 [Worker-24: Building] INFO  o.e.m.c.i.embedder.EclipseLogger - Copying 0 resource
2023-06-23 10:18:20,836 [Worker-24: Building] WARN  o.e.m.c.i.embedder.EclipseLogger - Using platform encoding (UTF-8 actually) to copy filtered resources, i.e. build is platform dependent!
2023-06-23 10:18:20,838 [Worker-24: Building] INFO  o.e.m.c.i.embedder.EclipseLogger - Copying 0 resource
2023-06-23 10:25:44,184 [Worker-26: Building] WARN  o.e.m.c.i.embedder.EclipseLogger - Using platform encoding (UTF-8 actually) to copy filtered resources, i.e. build is platform dependent!
2023-06-23 10:25:44,186 [Worker-26: Building] INFO  o.e.m.c.i.embedder.EclipseLogger - Copying 0 resource
2023-06-23 10:25:44,189 [Worker-26: Building] WARN  o.e.m.c.i.embedder.EclipseLogger - Using platform encoding (UTF-8 actually) to copy filtered resources, i.e. build is platform dependent!
2023-06-23 10:25:44,191 [Worker-26: Building] INFO  o.e.m.c.i.embedder.EclipseLogger - Copying 0 resource
2023-06-23 10:31:42,484 [Worker-33: Building] WARN  o.e.m.c.i.embedder.EclipseLogger - Using platform encoding (UTF-8 actually) to copy filtered resources, i.e. build is platform dependent!
2023-06-23 10:31:42,487 [Worker-33: Building] INFO  o.e.m.c.i.embedder.EclipseLogger - Copying 0 resource
2023-06-23 10:31:42,490 [Worker-33: Building] WARN  o.e.m.c.i.embedder.EclipseLogger - Using platform encoding (UTF-8 actually) to copy filtered resources, i.e. build is platform dependent!
2023-06-23 10:31:42,492 [Worker-33: Building] INFO  o.e.m.c.i.embedder.EclipseLogger - Copying 0 resource
2023-06-23 10:32:32,702 [Worker-30: Building] WARN  o.e.m.c.i.embedder.EclipseLogger - Using platform encoding (UTF-8 actually) to copy filtered resources, i.e. build is platform dependent!
2023-06-23 10:32:32,704 [Worker-30: Building] INFO  o.e.m.c.i.embedder.EclipseLogger - Copying 0 resource
2023-06-23 10:32:32,706 [Worker-30: Building] WARN  o.e.m.c.i.embedder.EclipseLogger - Using platform encoding (UTF-8 actually) to copy filtered resources, i.e. build is platform dependent!
2023-06-23 10:32:32,708 [Worker-30: Building] INFO  o.e.m.c.i.embedder.EclipseLogger - Copying 0 resource
2023-06-23 10:37:39,353 [Worker-34: Building] WARN  o.e.m.c.i.embedder.EclipseLogger - Using platform encoding (UTF-8 actually) to copy filtered resources, i.e. build is platform dependent!
2023-06-23 10:37:39,355 [Worker-34: Building] INFO  o.e.m.c.i.embedder.EclipseLogger - Copying 0 resource
2023-06-23 10:37:39,357 [Worker-34: Building] WARN  o.e.m.c.i.embedder.EclipseLogger - Using platform encoding (UTF-8 actually) to copy filtered resources, i.e. build is platform dependent!
2023-06-23 10:37:39,359 [Worker-34: Building] INFO  o.e.m.c.i.embedder.EclipseLogger - Copying 0 resource
2023-06-23 10:40:21,636 [Worker-35: Building] WARN  o.e.m.c.i.embedder.EclipseLogger - Using platform encoding (UTF-8 actually) to copy filtered resources, i.e. build is platform dependent!
2023-06-23 10:40:21,638 [Worker-35: Building] INFO  o.e.m.c.i.embedder.EclipseLogger - Copying 0 resource
2023-06-23 10:40:21,640 [Worker-35: Building] WARN  o.e.m.c.i.embedder.EclipseLogger - Using platform encoding (UTF-8 actually) to copy filtered resources, i.e. build is platform dependent!
2023-06-23 10:40:21,642 [Worker-35: Building] INFO  o.e.m.c.i.embedder.EclipseLogger - Copying 0 resource
2023-06-23 10:40:44,929 [Worker-34: Building] WARN  o.e.m.c.i.embedder.EclipseLogger - Using platform encoding (UTF-8 actually) to copy filtered resources, i.e. build is platform dependent!
2023-06-23 10:40:44,931 [Worker-34: Building] INFO  o.e.m.c.i.embedder.EclipseLogger - Copying 0 resource
2023-06-23 10:40:44,934 [Worker-34: Building] WARN  o.e.m.c.i.embedder.EclipseLogger - Using platform encoding (UTF-8 actually) to copy filtered resources, i.e. build is platform dependent!
2023-06-23 10:40:44,936 [Worker-34: Building] INFO  o.e.m.c.i.embedder.EclipseLogger - Copying 0 resource
2023-06-23 10:40:48,119 [Worker-32: Building] WARN  o.e.m.c.i.embedder.EclipseLogger - Using platform encoding (UTF-8 actually) to copy filtered resources, i.e. build is platform dependent!
2023-06-23 10:40:48,121 [Worker-32: Building] INFO  o.e.m.c.i.embedder.EclipseLogger - Copying 0 resource
2023-06-23 10:40:48,124 [Worker-32: Building] WARN  o.e.m.c.i.embedder.EclipseLogger - Using platform encoding (UTF-8 actually) to copy filtered resources, i.e. build is platform dependent!
2023-06-23 10:40:48,126 [Worker-32: Building] INFO  o.e.m.c.i.embedder.EclipseLogger - Copying 0 resource
2023-06-23 10:54:44,178 [Worker-33: Building] WARN  o.e.m.c.i.embedder.EclipseLogger - Using platform encoding (UTF-8 actually) to copy filtered resources, i.e. build is platform dependent!
2023-06-23 10:54:44,180 [Worker-33: Building] INFO  o.e.m.c.i.embedder.EclipseLogger - Copying 0 resource
2023-06-23 10:54:44,182 [Worker-33: Building] WARN  o.e.m.c.i.embedder.EclipseLogger - Using platform encoding (UTF-8 actually) to copy filtered resources, i.e. build is platform dependent!
2023-06-23 10:54:44,184 [Worker-33: Building] INFO  o.e.m.c.i.embedder.EclipseLogger - Copying 0 resource
2023-06-23 11:17:25,746 [Worker-37: Building] WARN  o.e.m.c.i.embedder.EclipseLogger - Using platform encoding (UTF-8 actually) to copy filtered resources, i.e. build is platform dependent!
2023-06-23 11:17:25,747 [Worker-37: Building] INFO  o.e.m.c.i.embedder.EclipseLogger - Copying 0 resource
2023-06-23 11:17:25,750 [Worker-37: Building] WARN  o.e.m.c.i.embedder.EclipseLogger - Using platform encoding (UTF-8 actually) to copy filtered resources, i.e. build is platform dependent!
2023-06-23 11:17:25,751 [Worker-37: Building] INFO  o.e.m.c.i.embedder.EclipseLogger - Copying 0 resource
2023-06-23 11:18:03,073 [Worker-38: Launching Runner] WARN  o.e.m.c.i.embedder.EclipseLogger - Using platform encoding (UTF-8 actually) to copy filtered resources, i.e. build is platform dependent!
2023-06-23 11:18:03,078 [Worker-38: Launching Runner] INFO  o.e.m.c.i.embedder.EclipseLogger - Copying 0 resource
2023-06-23 11:18:03,100 [Worker-38: Launching Runner] WARN  o.e.m.c.i.embedder.EclipseLogger - Using platform encoding (UTF-8 actually) to copy filtered resources, i.e. build is platform dependent!
2023-06-23 11:18:03,120 [Worker-38: Launching Runner] INFO  o.e.m.c.i.embedder.EclipseLogger - Copying 0 resource
2023-06-23 11:18:13,381 [Worker-39: Launching Runner] WARN  o.e.m.c.i.embedder.EclipseLogger - Using platform encoding (UTF-8 actually) to copy filtered resources, i.e. build is platform dependent!
2023-06-23 11:18:13,388 [Worker-39: Launching Runner] INFO  o.e.m.c.i.embedder.EclipseLogger - Copying 0 resource
2023-06-23 11:18:13,391 [Worker-39: Launching Runner] WARN  o.e.m.c.i.embedder.EclipseLogger - Using platform encoding (UTF-8 actually) to copy filtered resources, i.e. build is platform dependent!
2023-06-23 11:18:13,410 [Worker-39: Launching Runner] INFO  o.e.m.c.i.embedder.EclipseLogger - Copying 0 resource
2023-06-23 11:19:40,658 [Worker-41: Launching Runner] WARN  o.e.m.c.i.embedder.EclipseLogger - Using platform encoding (UTF-8 actually) to copy filtered resources, i.e. build is platform dependent!
2023-06-23 11:19:40,700 [Worker-41: Launching Runner] INFO  o.e.m.c.i.embedder.EclipseLogger - Copying 0 resource
2023-06-23 11:19:40,703 [Worker-41: Launching Runner] WARN  o.e.m.c.i.embedder.EclipseLogger - Using platform encoding (UTF-8 actually) to copy filtered resources, i.e. build is platform dependent!
2023-06-23 11:19:40,707 [Worker-41: Launching Runner] INFO  o.e.m.c.i.embedder.EclipseLogger - Copying 0 resource
2023-06-23 11:20:23,887 [Worker-43: Building] WARN  o.e.m.c.i.embedder.EclipseLogger - Using platform encoding (UTF-8 actually) to copy filtered resources, i.e. build is platform dependent!
2023-06-23 11:20:23,889 [Worker-43: Building] INFO  o.e.m.c.i.embedder.EclipseLogger - Copying 0 resource
2023-06-23 11:20:23,891 [Worker-43: Building] WARN  o.e.m.c.i.embedder.EclipseLogger - Using platform encoding (UTF-8 actually) to copy filtered resources, i.e. build is platform dependent!
2023-06-23 11:20:23,893 [Worker-43: Building] INFO  o.e.m.c.i.embedder.EclipseLogger - Copying 0 resource
2023-06-23 11:21:03,296 [Worker-41: Launching Runner] WARN  o.e.m.c.i.embedder.EclipseLogger - Using platform encoding (UTF-8 actually) to copy filtered resources, i.e. build is platform dependent!
2023-06-23 11:21:03,306 [Worker-41: Launching Runner] INFO  o.e.m.c.i.embedder.EclipseLogger - Copying 0 resource
2023-06-23 11:21:03,308 [Worker-41: Launching Runner] WARN  o.e.m.c.i.embedder.EclipseLogger - Using platform encoding (UTF-8 actually) to copy filtered resources, i.e. build is platform dependent!
2023-06-23 11:21:03,313 [Worker-41: Launching Runner] INFO  o.e.m.c.i.embedder.EclipseLogger - Copying 0 resource
2023-06-23 11:21:24,153 [Worker-41: Launching Runner] WARN  o.e.m.c.i.embedder.EclipseLogger - Using platform encoding (UTF-8 actually) to copy filtered resources, i.e. build is platform dependent!
2023-06-23 11:21:24,156 [Worker-41: Launching Runner] INFO  o.e.m.c.i.embedder.EclipseLogger - Copying 0 resource
2023-06-23 11:21:24,159 [Worker-41: Launching Runner] WARN  o.e.m.c.i.embedder.EclipseLogger - Using platform encoding (UTF-8 actually) to copy filtered resources, i.e. build is platform dependent!
2023-06-23 11:21:24,170 [Worker-41: Launching Runner] INFO  o.e.m.c.i.embedder.EclipseLogger - Copying 0 resource
2023-06-23 11:23:03,259 [Worker-36: Launching Runner] WARN  o.e.m.c.i.embedder.EclipseLogger - Using platform encoding (UTF-8 actually) to copy filtered resources, i.e. build is platform dependent!
2023-06-23 11:23:03,265 [Worker-36: Launching Runner] INFO  o.e.m.c.i.embedder.EclipseLogger - Copying 0 resource
2023-06-23 11:23:03,267 [Worker-36: Launching Runner] WARN  o.e.m.c.i.embedder.EclipseLogger - Using platform encoding (UTF-8 actually) to copy filtered resources, i.e. build is platform dependent!
2023-06-23 11:23:03,287 [Worker-36: Launching Runner] INFO  o.e.m.c.i.embedder.EclipseLogger - Copying 0 resource
2023-06-23 11:23:11,717 [Worker-46: Launching Runner] WARN  o.e.m.c.i.embedder.EclipseLogger - Using platform encoding (UTF-8 actually) to copy filtered resources, i.e. build is platform dependent!
2023-06-23 11:23:11,722 [Worker-46: Launching Runner] INFO  o.e.m.c.i.embedder.EclipseLogger - Copying 0 resource
2023-06-23 11:23:11,724 [Worker-46: Launching Runner] WARN  o.e.m.c.i.embedder.EclipseLogger - Using platform encoding (UTF-8 actually) to copy filtered resources, i.e. build is platform dependent!
2023-06-23 11:23:11,739 [Worker-46: Launching Runner] INFO  o.e.m.c.i.embedder.EclipseLogger - Copying 0 resource
2023-06-23 11:23:48,020 [Worker-48: Launching Runner] WARN  o.e.m.c.i.embedder.EclipseLogger - Using platform encoding (UTF-8 actually) to copy filtered resources, i.e. build is platform dependent!
2023-06-23 11:23:48,037 [Worker-48: Launching Runner] INFO  o.e.m.c.i.embedder.EclipseLogger - Copying 0 resource
2023-06-23 11:23:48,039 [Worker-48: Launching Runner] WARN  o.e.m.c.i.embedder.EclipseLogger - Using platform encoding (UTF-8 actually) to copy filtered resources, i.e. build is platform dependent!
2023-06-23 11:23:48,046 [Worker-48: Launching Runner] INFO  o.e.m.c.i.embedder.EclipseLogger - Copying 0 resource
2023-06-23 11:23:53,497 [Worker-44: Launching Runner] WARN  o.e.m.c.i.embedder.EclipseLogger - Using platform encoding (UTF-8 actually) to copy filtered resources, i.e. build is platform dependent!
2023-06-23 11:23:53,499 [Worker-44: Launching Runner] INFO  o.e.m.c.i.embedder.EclipseLogger - Copying 0 resource
2023-06-23 11:23:53,501 [Worker-44: Launching Runner] WARN  o.e.m.c.i.embedder.EclipseLogger - Using platform encoding (UTF-8 actually) to copy filtered resources, i.e. build is platform dependent!
2023-06-23 11:23:53,503 [Worker-44: Launching Runner] INFO  o.e.m.c.i.embedder.EclipseLogger - Copying 0 resource
2023-06-23 11:24:14,375 [Worker-36: Building] WARN  o.e.m.c.i.embedder.EclipseLogger - Using platform encoding (UTF-8 actually) to copy filtered resources, i.e. build is platform dependent!
2023-06-23 11:24:14,377 [Worker-36: Building] INFO  o.e.m.c.i.embedder.EclipseLogger - Copying 0 resource
2023-06-23 11:24:14,379 [Worker-36: Building] WARN  o.e.m.c.i.embedder.EclipseLogger - Using platform encoding (UTF-8 actually) to copy filtered resources, i.e. build is platform dependent!
2023-06-23 11:24:14,381 [Worker-36: Building] INFO  o.e.m.c.i.embedder.EclipseLogger - Copying 0 resource
2023-06-23 11:29:35,152 [Worker-0: Loading available Gradle versions] INFO  o.e.b.c.i.u.g.PublishedGradleVersions - Gradle version information cache is up-to-date. Trying to read.
2023-06-23 13:11:25,270 [Worker-15: Building] WARN  o.e.m.c.i.embedder.EclipseLogger - Using platform encoding (UTF-8 actually) to copy filtered resources, i.e. build is platform dependent!
2023-06-23 13:11:25,769 [Worker-15: Building] INFO  o.e.m.c.i.embedder.EclipseLogger - Copying 0 resource
2023-06-23 13:11:25,779 [Worker-15: Building] WARN  o.e.m.c.i.embedder.EclipseLogger - Using platform encoding (UTF-8 actually) to copy filtered resources, i.e. build is platform dependent!
2023-06-23 13:11:25,783 [Worker-15: Building] INFO  o.e.m.c.i.embedder.EclipseLogger - Copying 0 resource
2023-06-23 14:29:49,849 [Worker-0: Loading available Gradle versions] INFO  o.e.b.c.i.u.g.PublishedGradleVersions - Gradle version information cache is up-to-date. Trying to read.
2023-06-23 14:30:06,485 [Worker-6: Building] WARN  o.e.m.c.i.embedder.EclipseLogger - Using platform encoding (UTF-8 actually) to copy filtered resources, i.e. build is platform dependent!
2023-06-23 14:30:06,587 [Worker-6: Building] INFO  o.e.m.c.i.embedder.EclipseLogger - Copying 0 resource
2023-06-23 14:30:06,592 [Worker-6: Building] WARN  o.e.m.c.i.embedder.EclipseLogger - Using platform encoding (UTF-8 actually) to copy filtered resources, i.e. build is platform dependent!
2023-06-23 14:30:06,653 [Worker-6: Building] INFO  o.e.m.c.i.embedder.EclipseLogger - Copying 0 resource
2023-06-26 10:40:48,114 [Worker-0: Loading available Gradle versions] INFO  o.e.b.c.i.u.g.PublishedGradleVersions - Gradle version information cache is up-to-date. Trying to read.
2023-06-26 10:41:25,157 [Worker-4: Building] WARN  o.e.m.c.i.embedder.EclipseLogger - Using platform encoding (UTF-8 actually) to copy filtered resources, i.e. build is platform dependent!
2023-06-26 10:41:25,166 [Worker-4: Building] INFO  o.e.m.c.i.embedder.EclipseLogger - Copying 0 resource
2023-06-26 10:41:25,173 [Worker-4: Building] WARN  o.e.m.c.i.embedder.EclipseLogger - Using platform encoding (UTF-8 actually) to copy filtered resources, i.e. build is platform dependent!
2023-06-26 10:41:25,176 [Worker-4: Building] INFO  o.e.m.c.i.embedder.EclipseLogger - Copying 0 resource
2023-06-26 10:58:55,115 [Worker-17: Building] INFO  o.e.m.c.i.l.LifecycleMappingFactory - Using org.eclipse.m2e.jdt.JarLifecycleMapping lifecycle mapping for MavenProject: com.fdmgroup:CodingChallenge:0.0.1-SNAPSHOT @ D:\Users\Filip\Desktop\Coding-Task\CodingChallenge\pom.xml.
2023-06-26 10:58:55,538 [Worker-17: Building] WARN  o.e.m.c.i.embedder.EclipseLogger - Using platform encoding (UTF-8 actually) to copy filtered resources, i.e. build is platform dependent!
2023-06-26 10:58:55,541 [Worker-17: Building] INFO  o.e.m.c.i.embedder.EclipseLogger - Copying 0 resource
2023-06-26 10:58:55,544 [Worker-17: Building] WARN  o.e.m.c.i.embedder.EclipseLogger - Using platform encoding (UTF-8 actually) to copy filtered resources, i.e. build is platform dependent!
2023-06-26 10:58:55,546 [Worker-17: Building] INFO  o.e.m.c.i.embedder.EclipseLogger - Copying 0 resource
2023-06-26 10:59:09,491 [Worker-19: Updating Maven Project] INFO  o.e.m.c.i.p.ProjectConfigurationManager - Update started
2023-06-26 10:59:09,949 [Worker-19: Updating Maven Project] INFO  o.e.m.c.i.l.LifecycleMappingFactory - Using org.eclipse.m2e.jdt.JarLifecycleMapping lifecycle mapping for MavenProject: com.fdmgroup:CodingChallenge:0.0.1-SNAPSHOT @ D:\Users\Filip\Desktop\Coding-Task\CodingChallenge\pom.xml.
2023-06-26 10:59:10,539 [Worker-19: Updating Maven Project] INFO  o.e.m.j.i.AbstractJavaProjectConfigurator - Adding source folder /CodingChallenge/src/main/java
2023-06-26 10:59:10,539 [Worker-19: Updating Maven Project] INFO  o.e.m.j.i.AbstractJavaProjectConfigurator - Adding resource folder /CodingChallenge/src/main/resources
2023-06-26 10:59:10,540 [Worker-19: Updating Maven Project] INFO  o.e.m.j.i.AbstractJavaProjectConfigurator - Adding source folder /CodingChallenge/src/test/java
2023-06-26 10:59:10,540 [Worker-19: Updating Maven Project] INFO  o.e.m.j.i.AbstractJavaProjectConfigurator - Adding resource folder /CodingChallenge/src/test/resources
2023-06-26 10:59:11,580 [Worker-19: Updating Maven Project] INFO  o.e.m.c.i.p.ProjectConfigurationManager - Update completed for 1 poms: local refresh takes 0,00 sec, refresh facades takes 0,00 sec, update config takes 0,00 sec 
2023-06-26 10:59:11,909 [Worker-20: Building] WARN  o.e.m.c.i.embedder.EclipseLogger - Using platform encoding (UTF-8 actually) to copy filtered resources, i.e. build is platform dependent!
2023-06-26 10:59:11,914 [Worker-20: Building] INFO  o.e.m.c.i.embedder.EclipseLogger - Copying 0 resource
2023-06-26 10:59:11,917 [Worker-20: Building] WARN  o.e.m.c.i.embedder.EclipseLogger - Using platform encoding (UTF-8 actually) to copy filtered resources, i.e. build is platform dependent!
2023-06-26 10:59:11,929 [Worker-20: Building] INFO  o.e.m.c.i.embedder.EclipseLogger - Copying 0 resource
2023-06-26 11:00:33,122 [Worker-22: Building] WARN  o.e.m.c.i.embedder.EclipseLogger - Using platform encoding (UTF-8 actually) to copy filtered resources, i.e. build is platform dependent!
2023-06-26 11:00:33,131 [Worker-22: Building] INFO  o.e.m.c.i.embedder.EclipseLogger - Copying 0 resource
2023-06-26 11:00:33,134 [Worker-22: Building] WARN  o.e.m.c.i.embedder.EclipseLogger - Using platform encoding (UTF-8 actually) to copy filtered resources, i.e. build is platform dependent!
2023-06-26 11:00:33,160 [Worker-22: Building] INFO  o.e.m.c.i.embedder.EclipseLogger - Copying 0 resource
2023-06-26 11:00:38,949 [Worker-20: Building] WARN  o.e.m.c.i.embedder.EclipseLogger - Using platform encoding (UTF-8 actually) to copy filtered resources, i.e. build is platform dependent!
2023-06-26 11:00:38,951 [Worker-20: Building] INFO  o.e.m.c.i.embedder.EclipseLogger - Copying 0 resource
2023-06-26 11:00:38,953 [Worker-20: Building] WARN  o.e.m.c.i.embedder.EclipseLogger - Using platform encoding (UTF-8 actually) to copy filtered resources, i.e. build is platform dependent!
2023-06-26 11:00:38,955 [Worker-20: Building] INFO  o.e.m.c.i.embedder.EclipseLogger - Copying 0 resource
2023-06-26 11:08:45,811 [Worker-26: Building] WARN  o.e.m.c.i.embedder.EclipseLogger - Using platform encoding (UTF-8 actually) to copy filtered resources, i.e. build is platform dependent!
2023-06-26 11:08:45,814 [Worker-26: Building] INFO  o.e.m.c.i.embedder.EclipseLogger - Copying 0 resource
2023-06-26 11:08:45,817 [Worker-26: Building] WARN  o.e.m.c.i.embedder.EclipseLogger - Using platform encoding (UTF-8 actually) to copy filtered resources, i.e. build is platform dependent!
2023-06-26 11:08:45,820 [Worker-26: Building] INFO  o.e.m.c.i.embedder.EclipseLogger - Copying 0 resource
2023-06-26 11:11:29,499 [Worker-25: Building] WARN  o.e.m.c.i.embedder.EclipseLogger - Using platform encoding (UTF-8 actually) to copy filtered resources, i.e. build is platform dependent!
2023-06-26 11:11:29,501 [Worker-25: Building] INFO  o.e.m.c.i.embedder.EclipseLogger - Copying 0 resource
2023-06-26 11:11:29,504 [Worker-25: Building] WARN  o.e.m.c.i.embedder.EclipseLogger - Using platform encoding (UTF-8 actually) to copy filtered resources, i.e. build is platform dependent!
2023-06-26 11:11:29,506 [Worker-25: Building] INFO  o.e.m.c.i.embedder.EclipseLogger - Copying 0 resource
2023-06-26 11:12:13,022 [Worker-28: Building] WARN  o.e.m.c.i.embedder.EclipseLogger - Using platform encoding (UTF-8 actually) to copy filtered resources, i.e. build is platform dependent!
2023-06-26 11:12:13,024 [Worker-28: Building] INFO  o.e.m.c.i.embedder.EclipseLogger - Copying 0 resource
2023-06-26 11:12:13,026 [Worker-28: Building] WARN  o.e.m.c.i.embedder.EclipseLogger - Using platform encoding (UTF-8 actually) to copy filtered resources, i.e. build is platform dependent!
2023-06-26 11:12:13,028 [Worker-28: Building] INFO  o.e.m.c.i.embedder.EclipseLogger - Copying 0 resource
2023-06-26 11:15:24,024 [Worker-28: Launching New_configuration] WARN  o.e.m.c.i.embedder.EclipseLogger - Using platform encoding (UTF-8 actually) to copy filtered resources, i.e. build is platform dependent!
2023-06-26 11:15:24,027 [Worker-28: Launching New_configuration] INFO  o.e.m.c.i.embedder.EclipseLogger - Copying 0 resource
2023-06-26 11:15:24,030 [Worker-28: Launching New_configuration] WARN  o.e.m.c.i.embedder.EclipseLogger - Using platform encoding (UTF-8 actually) to copy filtered resources, i.e. build is platform dependent!
2023-06-26 11:15:24,041 [Worker-28: Launching New_configuration] INFO  o.e.m.c.i.embedder.EclipseLogger - Copying 0 resource
2023-06-26 11:16:54,325 [Worker-24: Launching New_configuration] WARN  o.e.m.c.i.embedder.EclipseLogger - Using platform encoding (UTF-8 actually) to copy filtered resources, i.e. build is platform dependent!
2023-06-26 11:16:54,333 [Worker-24: Launching New_configuration] INFO  o.e.m.c.i.embedder.EclipseLogger - Copying 0 resource
2023-06-26 11:16:54,335 [Worker-24: Launching New_configuration] WARN  o.e.m.c.i.embedder.EclipseLogger - Using platform encoding (UTF-8 actually) to copy filtered resources, i.e. build is platform dependent!
2023-06-26 11:16:54,340 [Worker-24: Launching New_configuration] INFO  o.e.m.c.i.embedder.EclipseLogger - Copying 0 resource
2023-06-26 11:18:09,843 [Worker-24: Launching New_configuration] WARN  o.e.m.c.i.embedder.EclipseLogger - Using platform encoding (UTF-8 actually) to copy filtered resources, i.e. build is platform dependent!
2023-06-26 11:18:09,873 [Worker-24: Launching New_configuration] INFO  o.e.m.c.i.embedder.EclipseLogger - Copying 0 resource
2023-06-26 11:18:09,876 [Worker-24: Launching New_configuration] WARN  o.e.m.c.i.embedder.EclipseLogger - Using platform encoding (UTF-8 actually) to copy filtered resources, i.e. build is platform dependent!
2023-06-26 11:18:09,878 [Worker-24: Launching New_configuration] INFO  o.e.m.c.i.embedder.EclipseLogger - Copying 0 resource
2023-06-26 11:19:00,290 [Worker-27: Launching New_configuration] WARN  o.e.m.c.i.embedder.EclipseLogger - Using platform encoding (UTF-8 actually) to copy filtered resources, i.e. build is platform dependent!
2023-06-26 11:19:00,294 [Worker-27: Launching New_configuration] INFO  o.e.m.c.i.embedder.EclipseLogger - Copying 0 resource
2023-06-26 11:19:00,296 [Worker-27: Launching New_configuration] WARN  o.e.m.c.i.embedder.EclipseLogger - Using platform encoding (UTF-8 actually) to copy filtered resources, i.e. build is platform dependent!
2023-06-26 11:19:00,300 [Worker-27: Launching New_configuration] INFO  o.e.m.c.i.embedder.EclipseLogger - Copying 0 resource
2023-06-26 11:19:09,980 [Worker-29: Launching New_configuration] WARN  o.e.m.c.i.embedder.EclipseLogger - Using platform encoding (UTF-8 actually) to copy filtered resources, i.e. build is platform dependent!
2023-06-26 11:19:10,031 [Worker-29: Launching New_configuration] INFO  o.e.m.c.i.embedder.EclipseLogger - Copying 0 resource
2023-06-26 11:19:10,034 [Worker-29: Launching New_configuration] WARN  o.e.m.c.i.embedder.EclipseLogger - Using platform encoding (UTF-8 actually) to copy filtered resources, i.e. build is platform dependent!
2023-06-26 11:19:10,044 [Worker-29: Launching New_configuration] INFO  o.e.m.c.i.embedder.EclipseLogger - Copying 0 resource
2023-06-26 12:07:55,693 [Worker-34: Launching New_configuration] WARN  o.e.m.c.i.embedder.EclipseLogger - Using platform encoding (UTF-8 actually) to copy filtered resources, i.e. build is platform dependent!
2023-06-26 12:07:55,709 [Worker-34: Launching New_configuration] INFO  o.e.m.c.i.embedder.EclipseLogger - Copying 0 resource
2023-06-26 12:07:55,723 [Worker-34: Launching New_configuration] WARN  o.e.m.c.i.embedder.EclipseLogger - Using platform encoding (UTF-8 actually) to copy filtered resources, i.e. build is platform dependent!
2023-06-26 12:07:55,726 [Worker-34: Launching New_configuration] INFO  o.e.m.c.i.embedder.EclipseLogger - Copying 0 resource
2023-06-26 12:08:20,738 [Worker-34: Launching New_configuration] WARN  o.e.m.c.i.embedder.EclipseLogger - Using platform encoding (UTF-8 actually) to copy filtered resources, i.e. build is platform dependent!
2023-06-26 12:08:20,740 [Worker-34: Launching New_configuration] INFO  o.e.m.c.i.embedder.EclipseLogger - Copying 0 resource
2023-06-26 12:08:20,743 [Worker-34: Launching New_configuration] WARN  o.e.m.c.i.embedder.EclipseLogger - Using platform encoding (UTF-8 actually) to copy filtered resources, i.e. build is platform dependent!
2023-06-26 12:08:20,746 [Worker-34: Launching New_configuration] INFO  o.e.m.c.i.embedder.EclipseLogger - Copying 0 resource
2023-06-26 12:10:06,813 [Worker-33: Building] WARN  o.e.m.c.i.embedder.EclipseLogger - Using platform encoding (UTF-8 actually) to copy filtered resources, i.e. build is platform dependent!
2023-06-26 12:10:06,826 [Worker-33: Building] INFO  o.e.m.c.i.embedder.EclipseLogger - Copying 0 resource
2023-06-26 12:10:06,828 [Worker-33: Building] WARN  o.e.m.c.i.embedder.EclipseLogger - Using platform encoding (UTF-8 actually) to copy filtered resources, i.e. build is platform dependent!
2023-06-26 12:10:06,841 [Worker-33: Building] INFO  o.e.m.c.i.embedder.EclipseLogger - Copying 0 resource
2023-06-26 12:10:10,312 [Worker-32: Launching New_configuration] WARN  o.e.m.c.i.embedder.EclipseLogger - Using platform encoding (UTF-8 actually) to copy filtered resources, i.e. build is platform dependent!
2023-06-26 12:10:10,361 [Worker-32: Launching New_configuration] INFO  o.e.m.c.i.embedder.EclipseLogger - Copying 0 resource
2023-06-26 12:10:10,364 [Worker-32: Launching New_configuration] WARN  o.e.m.c.i.embedder.EclipseLogger - Using platform encoding (UTF-8 actually) to copy filtered resources, i.e. build is platform dependent!
2023-06-26 12:10:10,367 [Worker-32: Launching New_configuration] INFO  o.e.m.c.i.embedder.EclipseLogger - Copying 0 resource
2023-06-26 13:23:41,776 [Worker-40: Launching New_configuration] WARN  o.e.m.c.i.embedder.EclipseLogger - Using platform encoding (UTF-8 actually) to copy filtered resources, i.e. build is platform dependent!
2023-06-26 13:23:41,818 [Worker-40: Launching New_configuration] INFO  o.e.m.c.i.embedder.EclipseLogger - Copying 0 resource
2023-06-26 13:23:41,822 [Worker-40: Launching New_configuration] WARN  o.e.m.c.i.embedder.EclipseLogger - Using platform encoding (UTF-8 actually) to copy filtered resources, i.e. build is platform dependent!
2023-06-26 13:23:41,829 [Worker-40: Launching New_configuration] INFO  o.e.m.c.i.embedder.EclipseLogger - Copying 0 resource
2023-06-26 13:23:55,542 [Worker-32: Launching New_configuration] WARN  o.e.m.c.i.embedder.EclipseLogger - Using platform encoding (UTF-8 actually) to copy filtered resources, i.e. build is platform dependent!
2023-06-26 13:23:55,544 [Worker-32: Launching New_configuration] INFO  o.e.m.c.i.embedder.EclipseLogger - Copying 0 resource
2023-06-26 13:23:55,546 [Worker-32: Launching New_configuration] WARN  o.e.m.c.i.embedder.EclipseLogger - Using platform encoding (UTF-8 actually) to copy filtered resources, i.e. build is platform dependent!
2023-06-26 13:23:55,547 [Worker-32: Launching New_configuration] INFO  o.e.m.c.i.embedder.EclipseLogger - Copying 0 resource
2023-06-26 13:26:32,154 [Worker-41: Launching New_configuration] WARN  o.e.m.c.i.embedder.EclipseLogger - Using platform encoding (UTF-8 actually) to copy filtered resources, i.e. build is platform dependent!
2023-06-26 13:26:32,208 [Worker-41: Launching New_configuration] INFO  o.e.m.c.i.embedder.EclipseLogger - Copying 0 resource
2023-06-26 13:26:32,210 [Worker-41: Launching New_configuration] WARN  o.e.m.c.i.embedder.EclipseLogger - Using platform encoding (UTF-8 actually) to copy filtered resources, i.e. build is platform dependent!
2023-06-26 13:26:32,215 [Worker-41: Launching New_configuration] INFO  o.e.m.c.i.embedder.EclipseLogger - Copying 0 resource
2023-06-26 13:27:11,126 [Worker-42: Launching New_configuration] WARN  o.e.m.c.i.embedder.EclipseLogger - Using platform encoding (UTF-8 actually) to copy filtered resources, i.e. build is platform dependent!
2023-06-26 13:27:11,138 [Worker-42: Launching New_configuration] INFO  o.e.m.c.i.embedder.EclipseLogger - Copying 0 resource
2023-06-26 13:27:11,142 [Worker-42: Launching New_configuration] WARN  o.e.m.c.i.embedder.EclipseLogger - Using platform encoding (UTF-8 actually) to copy filtered resources, i.e. build is platform dependent!
2023-06-26 13:27:11,147 [Worker-42: Launching New_configuration] INFO  o.e.m.c.i.embedder.EclipseLogger - Copying 0 resource
2023-06-26 13:27:22,178 [Worker-37: Launching New_configuration] WARN  o.e.m.c.i.embedder.EclipseLogger - Using platform encoding (UTF-8 actually) to copy filtered resources, i.e. build is platform dependent!
2023-06-26 13:27:22,186 [Worker-37: Launching New_configuration] INFO  o.e.m.c.i.embedder.EclipseLogger - Copying 0 resource
2023-06-26 13:27:22,189 [Worker-37: Launching New_configuration] WARN  o.e.m.c.i.embedder.EclipseLogger - Using platform encoding (UTF-8 actually) to copy filtered resources, i.e. build is platform dependent!
2023-06-26 13:27:22,192 [Worker-37: Launching New_configuration] INFO  o.e.m.c.i.embedder.EclipseLogger - Copying 0 resource
2023-06-26 13:27:38,385 [Worker-40: Building] WARN  o.e.m.c.i.embedder.EclipseLogger - Using platform encoding (UTF-8 actually) to copy filtered resources, i.e. build is platform dependent!
2023-06-26 13:27:38,386 [Worker-40: Building] INFO  o.e.m.c.i.embedder.EclipseLogger - Copying 0 resource
2023-06-26 13:27:38,388 [Worker-40: Building] WARN  o.e.m.c.i.embedder.EclipseLogger - Using platform encoding (UTF-8 actually) to copy filtered resources, i.e. build is platform dependent!
2023-06-26 13:27:38,390 [Worker-40: Building] INFO  o.e.m.c.i.embedder.EclipseLogger - Copying 0 resource
